c:\users\jan\documents\videocodecs\debug\vc120.pdb
c:\users\jan\documents\videocodecs\debug\qrc_images.obj
c:\users\jan\documents\videocodecs\debug\moc_test.obj
c:\users\jan\documents\videocodecs\debug\moc_settings.obj
c:\users\jan\documents\videocodecs\debug\moc_qcustomplot.obj
c:\users\jan\documents\videocodecs\debug\moc_mainwindow.obj
c:\users\jan\documents\videocodecs\debug\moc_graph.obj
c:\users\jan\documents\videocodecs\debug\moc_encode.obj
c:\users\jan\documents\videocodecs\debug\moc_decode.obj
c:\users\jan\documents\videocodecs\debug\test.obj
c:\users\jan\documents\videocodecs\debug\settings.obj
c:\users\jan\documents\videocodecs\debug\qcustomplot.obj
c:\users\jan\documents\videocodecs\debug\mainwindow.obj
c:\users\jan\documents\videocodecs\debug\main.obj
c:\users\jan\documents\videocodecs\debug\graph.obj
c:\users\jan\documents\videocodecs\debug\encode.obj
c:\users\jan\documents\videocodecs\debug\decode.obj
c:\users\jan\documents\videocodecs\debug\videoutility.obj
c:\users\jan\documents\videocodecs\debug\ssimclass.obj
c:\users\jan\documents\videocodecs\debug\psnrclass.obj
c:\users\jan\documents\videocodecs\debug\msvdclass.obj
c:\users\jan\documents\videocodecs\debug\moc_decode.cpp
c:\users\jan\documents\videocodecs\debug\moc_encode.cpp
c:\users\jan\documents\videocodecs\debug\moc_graph.cpp
c:\users\jan\documents\videocodecs\debug\moc_mainwindow.cpp
c:\users\jan\documents\videocodecs\debug\moc_qcustomplot.cpp
c:\users\jan\documents\videocodecs\debug\moc_settings.cpp
c:\users\jan\documents\videocodecs\debug\moc_test.cpp
c:\users\jan\documents\videocodecs\ui_decode.h
c:\users\jan\documents\videocodecs\ui_encode.h
c:\users\jan\documents\videocodecs\ui_graph.h
c:\users\jan\documents\videocodecs\ui_mainwindow.h
c:\users\jan\documents\videocodecs\ui_settings.h
c:\users\jan\documents\videocodecs\ui_test.h
c:\users\jan\documents\videocodecs\debug\qrc_images.cpp
c:\users\jan\documents\videocodecs\debug\videocodecs.ilk
c:\users\jan\documents\videocodecs\debug\videocodecs.exe
c:\users\jan\documents\videocodecs\debug\videocodecs.pdb
c:\users\jan\documents\videocodecs\debug\videocodecs.tlog\cl.command.1.tlog
c:\users\jan\documents\videocodecs\debug\videocodecs.tlog\cl.read.1.tlog
c:\users\jan\documents\videocodecs\debug\videocodecs.tlog\cl.write.1.tlog
c:\users\jan\documents\videocodecs\debug\videocodecs.tlog\custombuild.command.1.tlog
c:\users\jan\documents\videocodecs\debug\videocodecs.tlog\custombuild.read.1.tlog
c:\users\jan\documents\videocodecs\debug\videocodecs.tlog\custombuild.write.1.tlog
c:\users\jan\documents\videocodecs\debug\videocodecs.tlog\link.command.1.tlog
c:\users\jan\documents\videocodecs\debug\videocodecs.tlog\link.read.1.tlog
c:\users\jan\documents\videocodecs\debug\videocodecs.tlog\link.write.1.tlog
