#options: 1920x1080 fps=50/1 timebase=1/50 bitdepth=8 cabac=1 ref=1 deblock=1:0:0 analyse=0x1:0 me=dia subme=2 psy=1 psy_rd=1.00:0.00 mixed_ref=0 me_range=16 chroma_me=1 trellis=0 8x8dct=0 cqm=0 deadzone=21,11 fast_pskip=1 chroma_qp_offset=0 threads=6 lookahead_threads=2 sliced_threads=0 nr=0 decimate=1 interlaced=0 bluray_compat=0 constrained_intra=0 bframes=3 b_pyramid=2 b_adapt=1 b_bias=0 direct=1 weightb=1 open_gop=0 weightp=2 keyint=250 keyint_min=25 scenecut=40 intra_refresh=0 rc_lookahead=40 rc=cbr mbtree=1 bitrate=2000 ratetol=1.0 qcomp=0.60 qpmin=0 qpmax=69 qpstep=4 vbv_maxrate=2000 vbv_bufsize=4000 nal_hrd=none filler=0 ip_ratio=1.40 aq=1:1.00
in:0 out:0 type:I dur:2 cpbdur:2 q:47.28 aq:44.27 tex:100616 mv:32295 misc:6601 imb:8160 pmb:0 smb:0 d:- ref:;
in:2 out:1 type:P dur:2 cpbdur:2 q:50.33 aq:47.03 tex:689 mv:2115 misc:1556 imb:28 pmb:233 smb:7899 d:- ref:0 ;
in:1 out:2 type:b dur:2 cpbdur:2 q:50.33 aq:47.00 tex:0 mv:0 misc:392 imb:0 pmb:0 smb:8160 d:- ref:0 ;
in:4 out:3 type:P dur:2 cpbdur:2 q:50.64 aq:47.74 tex:1881 mv:3408 misc:2111 imb:120 pmb:311 smb:7729 d:- ref:0 ;
in:3 out:4 type:b dur:2 cpbdur:2 q:50.63 aq:48.00 tex:1 mv:18 misc:405 imb:0 pmb:2 smb:8158 d:- ref:0 ;
in:6 out:5 type:P dur:2 cpbdur:2 q:50.94 aq:47.88 tex:2728 mv:4204 misc:2500 imb:214 pmb:327 smb:7619 d:- ref:0 ;
in:5 out:6 type:b dur:2 cpbdur:2 q:50.94 aq:48.00 tex:0 mv:0 misc:392 imb:0 pmb:0 smb:8160 d:- ref:0 ;
in:8 out:7 type:P dur:2 cpbdur:2 q:49.90 aq:46.99 tex:4187 mv:5497 misc:3036 imb:296 pmb:447 smb:7417 d:- ref:0 ;
in:7 out:8 type:b dur:2 cpbdur:2 q:50.93 aq:48.00 tex:0 mv:0 misc:392 imb:0 pmb:0 smb:8160 d:- ref:0 ;
in:10 out:9 type:P dur:2 cpbdur:2 q:46.07 aq:43.31 tex:24436 mv:12920 misc:4604 imb:651 pmb:1233 smb:6276 d:- ref:0 ;
in:9 out:10 type:b dur:2 cpbdur:2 q:49.87 aq:45.00 tex:0 mv:0 misc:392 imb:0 pmb:0 smb:8160 d:- ref:0 ;
in:12 out:11 type:P dur:2 cpbdur:2 q:43.88 aq:41.18 tex:32879 mv:11319 misc:5066 imb:381 pmb:1684 smb:6095 d:- ref:0 ;
in:11 out:12 type:b dur:2 cpbdur:2 q:46.05 aq:43.92 tex:92 mv:85 misc:463 imb:1 pmb:9 smb:8150 d:- ref:0 ;
in:14 out:13 type:P dur:2 cpbdur:2 q:42.41 aq:39.42 tex:46552 mv:13477 misc:5555 imb:409 pmb:2228 smb:5523 d:- ref:0 ;
in:13 out:14 type:b dur:2 cpbdur:2 q:43.87 aq:40.99 tex:89 mv:160 misc:519 imb:0 pmb:20 smb:8140 d:- ref:0 ;
in:16 out:15 type:P dur:2 cpbdur:2 q:42.10 aq:39.13 tex:30434 mv:10823 misc:5343 imb:223 pmb:1904 smb:6033 d:- ref:0 ;
in:15 out:16 type:b dur:2 cpbdur:2 q:42.41 aq:39.91 tex:385 mv:651 misc:988 imb:3 pmb:104 smb:8053 d:- ref:0 ;
in:18 out:17 type:P dur:2 cpbdur:2 q:41.67 aq:38.77 tex:29302 mv:10250 misc:5224 imb:201 pmb:1815 smb:6144 d:- ref:0 ;
in:17 out:18 type:b dur:2 cpbdur:2 q:42.09 aq:40.99 tex:302 mv:402 misc:752 imb:0 pmb:63 smb:8097 d:- ref:0 ;
in:20 out:19 type:P dur:2 cpbdur:2 q:41.72 aq:38.76 tex:19077 mv:9008 misc:4947 imb:130 pmb:1560 smb:6470 d:- ref:0 ;
in:19 out:20 type:b dur:2 cpbdur:2 q:41.77 aq:41.68 tex:206 mv:281 misc:633 imb:0 pmb:39 smb:8121 d:- ref:0 ;
in:22 out:21 type:P dur:2 cpbdur:2 q:41.27 aq:38.20 tex:22919 mv:10512 misc:5153 imb:163 pmb:1747 smb:6250 d:- ref:0 ;
in:21 out:22 type:b dur:2 cpbdur:2 q:41.68 aq:39.74 tex:285 mv:633 misc:850 imb:0 pmb:82 smb:8078 d:- ref:0 ;
in:24 out:23 type:P dur:2 cpbdur:2 q:40.95 aq:37.90 tex:26849 mv:10693 misc:5218 imb:166 pmb:1892 smb:6102 d:- ref:0 ;
in:23 out:24 type:b dur:2 cpbdur:2 q:41.27 aq:39.97 tex:350 mv:551 misc:819 imb:1 pmb:76 smb:8083 d:- ref:0 ;
in:26 out:25 type:P dur:2 cpbdur:2 q:40.50 aq:37.58 tex:31072 mv:11132 misc:5180 imb:180 pmb:2005 smb:5975 d:- ref:0 ;
in:25 out:26 type:b dur:2 cpbdur:2 q:40.95 aq:39.05 tex:287 mv:968 misc:1009 imb:2 pmb:108 smb:8050 d:- ref:0 ;
in:28 out:27 type:P dur:2 cpbdur:2 q:40.14 aq:36.97 tex:29691 mv:11066 misc:5755 imb:235 pmb:2027 smb:5898 d:- ref:0 ;
in:27 out:28 type:b dur:2 cpbdur:2 q:40.49 aq:38.32 tex:326 mv:931 misc:911 imb:0 pmb:104 smb:8056 d:- ref:0 ;
in:30 out:29 type:P dur:2 cpbdur:2 q:39.86 aq:36.85 tex:31010 mv:11216 misc:5510 imb:167 pmb:2125 smb:5868 d:- ref:0 ;
in:29 out:30 type:b dur:2 cpbdur:2 q:40.14 aq:37.06 tex:481 mv:961 misc:1150 imb:2 pmb:140 smb:8018 d:- ref:0 ;
in:32 out:31 type:P dur:2 cpbdur:2 q:39.63 aq:36.63 tex:26246 mv:10489 misc:5337 imb:130 pmb:1967 smb:6063 d:- ref:0 ;
in:31 out:32 type:b dur:2 cpbdur:2 q:39.86 aq:38.69 tex:774 mv:1544 misc:1386 imb:3 pmb:205 smb:7952 d:- ref:0 ;
in:34 out:33 type:P dur:2 cpbdur:2 q:39.42 aq:36.59 tex:27607 mv:10449 misc:5296 imb:135 pmb:1966 smb:6059 d:- ref:0 ;
in:33 out:34 type:b dur:2 cpbdur:2 q:39.63 aq:38.22 tex:652 mv:1186 misc:1202 imb:2 pmb:159 smb:7999 d:- ref:0 ;
in:36 out:35 type:P dur:2 cpbdur:2 q:39.22 aq:36.36 tex:26998 mv:10838 misc:5324 imb:137 pmb:1965 smb:6058 d:- ref:0 ;
in:35 out:36 type:b dur:2 cpbdur:2 q:39.41 aq:36.04 tex:365 mv:1263 misc:1180 imb:5 pmb:148 smb:8007 d:- ref:0 ;
in:38 out:37 type:P dur:2 cpbdur:2 q:38.99 aq:35.96 tex:27835 mv:10890 misc:5251 imb:131 pmb:1999 smb:6030 d:- ref:0 ;
in:37 out:38 type:b dur:2 cpbdur:2 q:39.22 aq:36.66 tex:535 mv:1815 misc:1378 imb:2 pmb:208 smb:7950 d:- ref:0 ;
in:40 out:39 type:P dur:2 cpbdur:2 q:38.79 aq:35.75 tex:28560 mv:10545 misc:5271 imb:119 pmb:2023 smb:6018 d:- ref:0 ;
in:39 out:40 type:b dur:2 cpbdur:2 q:38.99 aq:37.37 tex:444 mv:1507 misc:1233 imb:3 pmb:178 smb:7979 d:- ref:0 ;
in:42 out:41 type:P dur:2 cpbdur:2 q:38.60 aq:35.72 tex:28023 mv:10358 misc:5123 imb:115 pmb:1980 smb:6065 d:- ref:0 ;
in:41 out:42 type:b dur:2 cpbdur:2 q:38.79 aq:37.07 tex:245 mv:1031 misc:1132 imb:3 pmb:139 smb:8018 d:- ref:0 ;
in:44 out:43 type:P dur:2 cpbdur:2 q:38.42 aq:35.35 tex:30839 mv:10919 misc:5490 imb:142 pmb:2107 smb:5911 d:- ref:0 ;
in:43 out:44 type:b dur:2 cpbdur:2 q:38.60 aq:37.02 tex:432 mv:1269 misc:1179 imb:1 pmb:165 smb:7994 d:- ref:0 ;
in:46 out:45 type:P dur:2 cpbdur:2 q:38.25 aq:35.31 tex:29967 mv:10524 misc:5285 imb:92 pmb:2115 smb:5953 d:- ref:0 ;
in:45 out:46 type:b dur:2 cpbdur:2 q:38.42 aq:35.75 tex:722 mv:1658 misc:1812 imb:24 pmb:271 smb:7865 d:- ref:0 ;
in:48 out:47 type:P dur:2 cpbdur:2 q:38.09 aq:34.91 tex:31703 mv:11602 misc:5791 imb:156 pmb:2231 smb:5773 d:- ref:0 ;
in:47 out:48 type:b dur:2 cpbdur:2 q:38.25 aq:36.61 tex:616 mv:1769 misc:1791 imb:13 pmb:272 smb:7875 d:- ref:0 ;
in:50 out:49 type:P dur:2 cpbdur:2 q:37.94 aq:34.88 tex:32209 mv:10860 misc:5499 imb:107 pmb:2178 smb:5875 d:- ref:0 ;
in:49 out:50 type:b dur:2 cpbdur:2 q:38.09 aq:37.29 tex:622 mv:1926 misc:1860 imb:10 pmb:336 smb:7814 d:- ref:0 ;
in:52 out:51 type:P dur:2 cpbdur:2 q:37.80 aq:34.78 tex:29849 mv:10332 misc:5387 imb:115 pmb:2065 smb:5980 d:- ref:0 ;
in:51 out:52 type:b dur:2 cpbdur:2 q:37.94 aq:35.70 tex:597 mv:2445 misc:1918 imb:4 pmb:317 smb:7839 d:- ref:0 ;
in:54 out:53 type:P dur:2 cpbdur:2 q:37.68 aq:34.73 tex:33268 mv:11048 misc:5308 imb:110 pmb:2192 smb:5858 d:- ref:0 ;
in:53 out:54 type:b dur:2 cpbdur:2 q:37.80 aq:36.99 tex:537 mv:2432 misc:1895 imb:6 pmb:323 smb:7831 d:- ref:0 ;
in:56 out:55 type:P dur:2 cpbdur:2 q:37.57 aq:34.60 tex:33850 mv:11166 misc:5352 imb:116 pmb:2164 smb:5880 d:- ref:0 ;
in:55 out:56 type:b dur:2 cpbdur:2 q:37.68 aq:37.22 tex:764 mv:2040 misc:1540 imb:5 pmb:250 smb:7905 d:- ref:0 ;
in:58 out:57 type:P dur:2 cpbdur:2 q:37.44 aq:34.59 tex:33986 mv:11306 misc:5372 imb:103 pmb:2237 smb:5820 d:- ref:0 ;
in:57 out:58 type:b dur:2 cpbdur:2 q:37.57 aq:35.79 tex:644 mv:2396 misc:1712 imb:4 pmb:293 smb:7863 d:- ref:0 ;
in:60 out:59 type:P dur:2 cpbdur:2 q:37.34 aq:34.09 tex:35047 mv:11936 misc:5769 imb:180 pmb:2311 smb:5669 d:- ref:0 ;
in:59 out:60 type:b dur:2 cpbdur:2 q:37.44 aq:35.85 tex:655 mv:2212 misc:1597 imb:10 pmb:260 smb:7890 d:- ref:0 ;
in:62 out:61 type:P dur:2 cpbdur:2 q:37.25 aq:34.40 tex:36891 mv:11344 misc:5277 imb:100 pmb:2265 smb:5795 d:- ref:0 ;
in:61 out:62 type:b dur:2 cpbdur:2 q:37.34 aq:35.42 tex:774 mv:2456 misc:1922 imb:13 pmb:321 smb:7826 d:- ref:0 ;
in:64 out:63 type:P dur:2 cpbdur:2 q:37.16 aq:34.07 tex:33200 mv:11872 misc:5808 imb:212 pmb:2282 smb:5666 d:- ref:0 ;
in:63 out:64 type:b dur:2 cpbdur:2 q:37.25 aq:36.05 tex:840 mv:2153 misc:1639 imb:11 pmb:260 smb:7889 d:- ref:0 ;
in:66 out:65 type:P dur:2 cpbdur:2 q:37.16 aq:34.31 tex:30768 mv:10423 misc:5225 imb:87 pmb:2057 smb:6016 d:- ref:0 w:0,1,-1 ;
in:65 out:66 type:b dur:2 cpbdur:2 q:37.16 aq:34.52 tex:706 mv:1470 misc:1320 imb:14 pmb:179 smb:7967 d:- ref:0 ;
in:68 out:67 type:P dur:2 cpbdur:2 q:37.17 aq:33.91 tex:31475 mv:11643 misc:5346 imb:111 pmb:2258 smb:5791 d:- ref:0 ;
in:67 out:68 type:b dur:2 cpbdur:2 q:37.17 aq:36.53 tex:703 mv:2594 misc:1887 imb:14 pmb:304 smb:7842 d:- ref:0 ;
in:70 out:69 type:P dur:2 cpbdur:2 q:37.17 aq:33.99 tex:28454 mv:10850 misc:5296 imb:112 pmb:2045 smb:6003 d:- ref:0 ;
in:69 out:70 type:b dur:2 cpbdur:2 q:37.17 aq:35.53 tex:569 mv:2475 misc:1692 imb:8 pmb:295 smb:7857 d:- ref:0 ;
in:72 out:71 type:P dur:2 cpbdur:2 q:37.08 aq:33.96 tex:31966 mv:10916 misc:5334 imb:109 pmb:2163 smb:5888 d:- ref:0 ;
in:71 out:72 type:b dur:2 cpbdur:2 q:37.17 aq:35.03 tex:187 mv:2117 misc:1568 imb:4 pmb:267 smb:7889 d:- ref:0 ;
in:74 out:73 type:P dur:2 cpbdur:2 q:37.08 aq:34.22 tex:29012 mv:10163 misc:5065 imb:76 pmb:2037 smb:6047 d:- ref:0 ;
in:73 out:74 type:b dur:2 cpbdur:2 q:37.08 aq:34.66 tex:415 mv:1961 misc:1520 imb:14 pmb:231 smb:7915 d:- ref:0 ;
in:76 out:75 type:P dur:2 cpbdur:2 q:37.07 aq:33.93 tex:27502 mv:10644 misc:5318 imb:87 pmb:2049 smb:6024 d:- ref:0 ;
in:75 out:76 type:b dur:2 cpbdur:2 q:37.08 aq:34.38 tex:355 mv:3161 misc:2220 imb:8 pmb:384 smb:7768 d:- ref:0 ;
in:78 out:77 type:P dur:2 cpbdur:2 q:37.08 aq:33.69 tex:26973 mv:10520 misc:5323 imb:72 pmb:2054 smb:6034 d:- ref:0 ;
in:77 out:78 type:b dur:2 cpbdur:2 q:37.08 aq:36.13 tex:410 mv:2077 misc:1721 imb:8 pmb:276 smb:7876 d:- ref:0 ;
in:80 out:79 type:P dur:2 cpbdur:2 q:37.07 aq:33.87 tex:28557 mv:11424 misc:5291 imb:98 pmb:2140 smb:5922 d:- ref:0 ;
in:79 out:80 type:b dur:2 cpbdur:2 q:37.08 aq:34.69 tex:475 mv:2912 misc:2173 imb:11 pmb:381 smb:7768 d:- ref:0 ;
in:82 out:81 type:P dur:2 cpbdur:2 q:37.07 aq:33.91 tex:30871 mv:10902 misc:5227 imb:86 pmb:2148 smb:5926 d:- ref:0 ;
in:81 out:82 type:b dur:2 cpbdur:2 q:37.07 aq:34.53 tex:455 mv:1713 misc:1384 imb:9 pmb:201 smb:7950 d:- ref:0 ;
in:84 out:83 type:P dur:2 cpbdur:2 q:37.07 aq:34.20 tex:28056 mv:11180 misc:5156 imb:66 pmb:2131 smb:5963 d:- ref:0 ;
in:83 out:84 type:b dur:2 cpbdur:2 q:37.07 aq:34.32 tex:326 mv:2224 misc:1770 imb:6 pmb:294 smb:7860 d:- ref:0 ;
in:86 out:85 type:P dur:2 cpbdur:2 q:37.08 aq:33.98 tex:27964 mv:10792 misc:5132 imb:82 pmb:2072 smb:6006 d:- ref:0 ;
in:85 out:86 type:b dur:2 cpbdur:2 q:37.08 aq:36.34 tex:409 mv:1787 misc:1548 imb:7 pmb:260 smb:7893 d:- ref:0 ;
in:88 out:87 type:P dur:2 cpbdur:2 q:37.10 aq:33.92 tex:27972 mv:11376 misc:5228 imb:82 pmb:2074 smb:6004 d:- ref:0 ;
in:87 out:88 type:b dur:2 cpbdur:2 q:37.10 aq:34.81 tex:371 mv:2329 misc:1876 imb:2 pmb:344 smb:7814 d:- ref:0 ;
in:90 out:89 type:P dur:2 cpbdur:2 q:37.11 aq:33.83 tex:27632 mv:10772 misc:5148 imb:71 pmb:2065 smb:6024 d:- ref:0 ;
in:89 out:90 type:b dur:2 cpbdur:2 q:37.11 aq:35.97 tex:284 mv:1825 misc:1515 imb:1 pmb:241 smb:7918 d:- ref:0 ;
in:92 out:91 type:P dur:2 cpbdur:2 q:37.04 aq:33.86 tex:30339 mv:11655 misc:5318 imb:81 pmb:2268 smb:5811 d:- ref:0 ;
in:91 out:92 type:b dur:2 cpbdur:2 q:37.11 aq:35.94 tex:411 mv:1570 misc:1347 imb:3 pmb:198 smb:7959 d:- ref:0 ;
in:94 out:93 type:P dur:2 cpbdur:2 q:37.06 aq:33.96 tex:30330 mv:11563 misc:5267 imb:91 pmb:2187 smb:5882 d:- ref:0 ;
in:93 out:94 type:b dur:2 cpbdur:2 q:37.06 aq:36.47 tex:395 mv:2378 misc:1827 imb:1 pmb:324 smb:7835 d:- ref:0 ;
in:96 out:95 type:P dur:2 cpbdur:2 q:37.08 aq:33.84 tex:30798 mv:11707 misc:5255 imb:84 pmb:2247 smb:5829 d:- ref:0 ;
in:95 out:96 type:b dur:2 cpbdur:2 q:37.08 aq:34.01 tex:238 mv:1590 misc:1348 imb:5 pmb:206 smb:7949 d:- ref:0 ;
in:98 out:97 type:P dur:2 cpbdur:2 q:37.11 aq:33.90 tex:29596 mv:11332 misc:5352 imb:95 pmb:2198 smb:5867 d:- ref:0 ;
in:97 out:98 type:b dur:2 cpbdur:2 q:37.11 aq:36.01 tex:329 mv:1846 misc:1481 imb:3 pmb:245 smb:7912 d:- ref:0 ;
in:100 out:99 type:P dur:2 cpbdur:2 q:37.14 aq:33.85 tex:28217 mv:11730 misc:5309 imb:95 pmb:2180 smb:5885 d:- ref:0 ;
in:99 out:100 type:b dur:2 cpbdur:2 q:37.14 aq:35.16 tex:396 mv:2483 misc:1913 imb:1 pmb:322 smb:7837 d:- ref:0 ;
in:102 out:101 type:P dur:2 cpbdur:2 q:37.09 aq:33.91 tex:29461 mv:11269 misc:5334 imb:90 pmb:2156 smb:5914 d:- ref:0 ;
in:101 out:102 type:b dur:2 cpbdur:2 q:37.14 aq:37.13 tex:400 mv:2128 misc:1840 imb:2 pmb:321 smb:7837 d:- ref:0 ;
in:104 out:103 type:P dur:2 cpbdur:2 q:37.13 aq:33.88 tex:27490 mv:11738 misc:5356 imb:94 pmb:2148 smb:5918 d:- ref:0 ;
in:103 out:104 type:b dur:2 cpbdur:2 q:37.13 aq:35.80 tex:469 mv:2638 misc:2245 imb:5 pmb:427 smb:7728 d:- ref:0 ;
in:106 out:105 type:P dur:2 cpbdur:2 q:37.07 aq:33.86 tex:28512 mv:11426 misc:5374 imb:110 pmb:2168 smb:5882 d:- ref:0 ;
in:105 out:106 type:b dur:2 cpbdur:2 q:37.13 aq:35.89 tex:707 mv:2464 misc:1949 imb:7 pmb:322 smb:7831 d:- ref:0 ;
in:108 out:107 type:P dur:2 cpbdur:2 q:37.11 aq:34.05 tex:28547 mv:10220 misc:5225 imb:83 pmb:2050 smb:6027 d:- ref:0 ;
in:107 out:108 type:b dur:2 cpbdur:2 q:37.11 aq:35.75 tex:620 mv:2158 misc:1686 imb:5 pmb:275 smb:7880 d:- ref:0 ;
in:110 out:109 type:P dur:2 cpbdur:2 q:37.06 aq:33.91 tex:31570 mv:11786 misc:5332 imb:80 pmb:2311 smb:5769 d:- ref:0 ;
in:109 out:110 type:b dur:2 cpbdur:2 q:37.11 aq:36.16 tex:612 mv:2464 misc:1820 imb:7 pmb:295 smb:7858 d:- ref:0 ;
in:112 out:111 type:P dur:2 cpbdur:2 q:37.10 aq:33.83 tex:28410 mv:10743 misc:5303 imb:87 pmb:2082 smb:5991 d:- ref:0 ;
in:111 out:112 type:b dur:2 cpbdur:2 q:37.10 aq:34.82 tex:360 mv:1939 misc:1573 imb:7 pmb:265 smb:7888 d:- ref:0 ;
in:114 out:113 type:P dur:2 cpbdur:2 q:37.06 aq:33.77 tex:30445 mv:11718 misc:5405 imb:106 pmb:2246 smb:5808 d:- ref:0 ;
in:113 out:114 type:b dur:2 cpbdur:2 q:37.10 aq:34.81 tex:305 mv:1868 misc:1467 imb:4 pmb:244 smb:7912 d:- ref:0 ;
in:116 out:115 type:P dur:2 cpbdur:2 q:37.11 aq:33.95 tex:27650 mv:11445 misc:5337 imb:76 pmb:2178 smb:5906 d:- ref:0 ;
in:115 out:116 type:b dur:2 cpbdur:2 q:37.11 aq:35.87 tex:462 mv:2475 misc:1823 imb:5 pmb:333 smb:7822 d:- ref:0 ;
in:118 out:117 type:P dur:2 cpbdur:2 q:37.07 aq:33.91 tex:29655 mv:11569 misc:5224 imb:92 pmb:2222 smb:5846 d:- ref:0 ;
in:117 out:118 type:b dur:2 cpbdur:2 q:37.11 aq:34.90 tex:511 mv:2556 misc:1837 imb:2 pmb:338 smb:7820 d:- ref:0 ;
in:120 out:119 type:P dur:2 cpbdur:2 q:37.11 aq:33.99 tex:27602 mv:11362 misc:5236 imb:93 pmb:2144 smb:5923 d:- ref:0 ;
in:119 out:120 type:b dur:2 cpbdur:2 q:37.11 aq:35.65 tex:632 mv:2491 misc:1797 imb:7 pmb:317 smb:7836 d:- ref:0 ;
in:122 out:121 type:P dur:2 cpbdur:2 q:37.07 aq:33.92 tex:29181 mv:10750 misc:5133 imb:85 pmb:2098 smb:5977 d:- ref:0 ;
in:121 out:122 type:b dur:2 cpbdur:2 q:37.11 aq:35.39 tex:491 mv:2187 misc:1858 imb:4 pmb:334 smb:7822 d:- ref:0 ;
in:124 out:123 type:P dur:2 cpbdur:2 q:37.04 aq:34.33 tex:29894 mv:11349 misc:5197 imb:68 pmb:2197 smb:5895 d:- ref:0 ;
in:123 out:124 type:b dur:2 cpbdur:2 q:37.07 aq:36.35 tex:373 mv:1965 misc:1638 imb:8 pmb:257 smb:7895 d:- ref:0 ;
in:126 out:125 type:P dur:2 cpbdur:2 q:37.08 aq:33.96 tex:29544 mv:11941 misc:5379 imb:101 pmb:2195 smb:5864 d:- ref:0 ;
in:125 out:126 type:b dur:2 cpbdur:2 q:37.08 aq:35.39 tex:651 mv:3095 misc:2270 imb:6 pmb:420 smb:7734 d:- ref:0 ;
in:128 out:127 type:P dur:2 cpbdur:2 q:37.05 aq:33.88 tex:29960 mv:12013 misc:5307 imb:117 pmb:2230 smb:5813 d:- ref:0 ;
in:127 out:128 type:b dur:2 cpbdur:2 q:37.08 aq:34.70 tex:652 mv:2346 misc:1802 imb:3 pmb:305 smb:7852 d:- ref:0 ;
in:130 out:129 type:P dur:2 cpbdur:2 q:37.10 aq:33.90 tex:33872 mv:12110 misc:5234 imb:122 pmb:2292 smb:5746 d:- ref:0 ;
in:129 out:130 type:b dur:2 cpbdur:2 q:37.10 aq:34.49 tex:658 mv:2594 misc:2028 imb:3 pmb:399 smb:7758 d:- ref:0 ;
in:132 out:131 type:P dur:2 cpbdur:2 q:37.07 aq:33.87 tex:30900 mv:11954 misc:5330 imb:100 pmb:2285 smb:5775 d:- ref:0 ;
in:131 out:132 type:b dur:2 cpbdur:2 q:37.10 aq:35.66 tex:593 mv:2533 misc:1746 imb:1 pmb:328 smb:7831 d:- ref:0 ;
in:134 out:133 type:P dur:2 cpbdur:2 q:37.04 aq:34.04 tex:29723 mv:11529 misc:5276 imb:94 pmb:2172 smb:5894 d:- ref:0 ;
in:133 out:134 type:b dur:2 cpbdur:2 q:37.07 aq:35.03 tex:655 mv:2703 misc:1866 imb:5 pmb:336 smb:7819 d:- ref:0 ;
in:136 out:135 type:P dur:2 cpbdur:2 q:37.11 aq:34.38 tex:30094 mv:11834 misc:5136 imb:97 pmb:2229 smb:5834 d:- ref:0 ;
in:135 out:136 type:b dur:2 cpbdur:2 q:37.11 aq:35.84 tex:764 mv:2671 misc:1829 imb:4 pmb:348 smb:7808 d:- ref:0 ;
in:138 out:137 type:P dur:2 cpbdur:2 q:37.09 aq:33.85 tex:30716 mv:11603 misc:5193 imb:89 pmb:2209 smb:5862 d:- ref:0 ;
in:137 out:138 type:b dur:2 cpbdur:2 q:37.11 aq:36.13 tex:644 mv:2552 misc:1852 imb:5 pmb:365 smb:7790 d:- ref:0 ;
in:140 out:139 type:P dur:2 cpbdur:2 q:37.06 aq:33.94 tex:29276 mv:12023 misc:5213 imb:111 pmb:2208 smb:5841 d:- ref:0 ;
in:139 out:140 type:b dur:2 cpbdur:2 q:37.09 aq:36.53 tex:973 mv:3348 misc:1935 imb:9 pmb:384 smb:7767 d:- ref:0 ;
in:142 out:141 type:P dur:2 cpbdur:2 q:37.03 aq:34.07 tex:29981 mv:11546 misc:5241 imb:100 pmb:2190 smb:5870 d:- ref:0 ;
in:141 out:142 type:b dur:2 cpbdur:2 q:37.06 aq:35.37 tex:978 mv:2578 misc:1748 imb:10 pmb:329 smb:7821 d:- ref:0 ;
in:144 out:143 type:P dur:2 cpbdur:2 q:37.01 aq:33.81 tex:31470 mv:11919 misc:5171 imb:114 pmb:2268 smb:5778 d:- ref:0 ;
in:143 out:144 type:b dur:2 cpbdur:2 q:37.03 aq:36.57 tex:923 mv:2812 misc:1889 imb:4 pmb:363 smb:7793 d:- ref:0 ;
in:146 out:145 type:P dur:2 cpbdur:2 q:37.07 aq:34.25 tex:29867 mv:12409 misc:5164 imb:111 pmb:2321 smb:5728 d:- ref:0 ;
in:145 out:146 type:b dur:2 cpbdur:2 q:37.07 aq:36.31 tex:752 mv:2529 misc:1807 imb:6 pmb:333 smb:7821 d:- ref:0 ;
in:148 out:147 type:P dur:2 cpbdur:2 q:37.05 aq:33.82 tex:28263 mv:11442 misc:5207 imb:103 pmb:2153 smb:5904 d:- ref:0 ;
in:147 out:148 type:b dur:2 cpbdur:2 q:37.07 aq:35.27 tex:884 mv:2663 misc:1597 imb:6 pmb:300 smb:7854 d:- ref:0 ;
in:150 out:149 type:P dur:2 cpbdur:2 q:37.03 aq:33.66 tex:28437 mv:11410 misc:5273 imb:91 pmb:2189 smb:5880 d:- ref:0 ;
in:149 out:150 type:b dur:2 cpbdur:2 q:37.05 aq:34.53 tex:430 mv:2119 misc:1451 imb:3 pmb:278 smb:7879 d:- ref:0 ;
in:152 out:151 type:P dur:2 cpbdur:2 q:37.01 aq:34.06 tex:29510 mv:11442 misc:5016 imb:82 pmb:2187 smb:5891 d:- ref:0 ;
in:151 out:152 type:b dur:2 cpbdur:2 q:37.03 aq:35.49 tex:796 mv:2660 misc:1800 imb:2 pmb:327 smb:7831 d:- ref:0 ;
in:154 out:153 type:P dur:2 cpbdur:2 q:36.98 aq:33.83 tex:30138 mv:11619 misc:5131 imb:95 pmb:2173 smb:5892 d:- ref:0 ;
in:153 out:154 type:b dur:2 cpbdur:2 q:37.01 aq:36.48 tex:371 mv:1918 misc:1511 imb:4 pmb:244 smb:7912 d:- ref:0 ;
in:156 out:155 type:P dur:2 cpbdur:2 q:37.04 aq:33.99 tex:29813 mv:11288 misc:5179 imb:102 pmb:2109 smb:5949 d:- ref:0 ;
in:155 out:156 type:b dur:2 cpbdur:2 q:37.04 aq:35.54 tex:637 mv:2440 misc:1675 imb:2 pmb:305 smb:7853 d:- ref:0 ;
in:158 out:157 type:P dur:2 cpbdur:2 q:37.02 aq:33.98 tex:30289 mv:11672 misc:5071 imb:73 pmb:2221 smb:5866 d:- ref:0 ;
in:157 out:158 type:b dur:2 cpbdur:2 q:37.04 aq:36.10 tex:363 mv:1926 misc:1447 imb:2 pmb:253 smb:7905 d:- ref:0 ;
in:160 out:159 type:P dur:2 cpbdur:2 q:37.08 aq:34.09 tex:28453 mv:10325 misc:4950 imb:76 pmb:2003 smb:6081 d:- ref:0 ;
in:159 out:160 type:b dur:2 cpbdur:2 q:37.08 aq:34.07 tex:479 mv:1846 misc:1379 imb:5 pmb:217 smb:7938 d:- ref:0 ;
in:162 out:161 type:P dur:2 cpbdur:2 q:37.06 aq:33.92 tex:29361 mv:11943 misc:5152 imb:89 pmb:2246 smb:5825 d:- ref:0 ;
in:161 out:162 type:b dur:2 cpbdur:2 q:37.08 aq:36.82 tex:360 mv:1855 misc:1433 imb:4 pmb:247 smb:7909 d:- ref:0 ;
in:164 out:163 type:P dur:2 cpbdur:2 q:37.04 aq:33.91 tex:30210 mv:11055 misc:5079 imb:102 pmb:2194 smb:5864 d:- ref:0 ;
in:163 out:164 type:b dur:2 cpbdur:2 q:37.06 aq:34.51 tex:609 mv:2084 misc:1427 imb:2 pmb:242 smb:7916 d:- ref:0 ;
in:166 out:165 type:P dur:2 cpbdur:2 q:37.01 aq:33.58 tex:30258 mv:11668 misc:5146 imb:89 pmb:2279 smb:5792 d:- ref:0 ;
in:165 out:166 type:b dur:2 cpbdur:2 q:37.04 aq:37.19 tex:551 mv:2416 misc:1793 imb:5 pmb:315 smb:7840 d:- ref:0 ;
in:168 out:167 type:P dur:2 cpbdur:2 q:37.07 aq:33.81 tex:30451 mv:10982 misc:5103 imb:87 pmb:2168 smb:5905 d:- ref:0 ;
in:167 out:168 type:b dur:2 cpbdur:2 q:37.07 aq:35.58 tex:550 mv:2370 misc:1592 imb:4 pmb:279 smb:7877 d:- ref:0 ;
in:170 out:169 type:P dur:2 cpbdur:2 q:37.05 aq:33.61 tex:31041 mv:11607 misc:5024 imb:92 pmb:2203 smb:5865 d:- ref:0 ;
in:169 out:170 type:b dur:2 cpbdur:2 q:37.07 aq:36.01 tex:603 mv:2123 misc:1442 imb:6 pmb:247 smb:7907 d:- ref:0 ;
in:172 out:171 type:P dur:2 cpbdur:2 q:37.03 aq:33.81 tex:31677 mv:11290 misc:5153 imb:69 pmb:2219 smb:5872 d:- ref:0 ;
in:171 out:172 type:b dur:2 cpbdur:2 q:37.05 aq:35.38 tex:655 mv:2583 misc:1602 imb:1 pmb:295 smb:7864 d:- ref:0 ;
in:174 out:173 type:P dur:2 cpbdur:2 q:37.01 aq:34.06 tex:30230 mv:10726 misc:5108 imb:84 pmb:2088 smb:5988 d:- ref:0 ;
in:173 out:174 type:b dur:2 cpbdur:2 q:37.03 aq:36.49 tex:563 mv:1885 misc:1392 imb:2 pmb:234 smb:7924 d:- ref:0 ;
in:176 out:175 type:P dur:2 cpbdur:2 q:37.08 aq:34.12 tex:29107 mv:11081 misc:5140 imb:98 pmb:2141 smb:5921 d:- ref:0 ;
in:175 out:176 type:b dur:2 cpbdur:2 q:37.08 aq:37.20 tex:411 mv:1902 misc:1319 imb:0 pmb:227 smb:7933 d:- ref:0 ;
in:178 out:177 type:P dur:2 cpbdur:2 q:37.06 aq:33.95 tex:33715 mv:11727 misc:5150 imb:75 pmb:2317 smb:5768 d:- ref:0 ;
in:177 out:178 type:b dur:2 cpbdur:2 q:37.08 aq:34.46 tex:575 mv:2488 misc:1601 imb:7 pmb:282 smb:7871 d:- ref:0 ;
in:180 out:179 type:P dur:2 cpbdur:2 q:37.05 aq:33.96 tex:28810 mv:11807 misc:5143 imb:105 pmb:2210 smb:5845 d:- ref:0 ;
in:179 out:180 type:b dur:2 cpbdur:2 q:37.06 aq:36.69 tex:771 mv:1876 misc:1241 imb:4 pmb:214 smb:7942 d:- ref:0 ;
in:182 out:181 type:P dur:2 cpbdur:2 q:37.02 aq:34.05 tex:30733 mv:11154 misc:4921 imb:95 pmb:2125 smb:5940 d:- ref:0 ;
in:181 out:182 type:b dur:2 cpbdur:2 q:37.05 aq:36.90 tex:533 mv:2075 misc:1544 imb:5 pmb:250 smb:7905 d:- ref:0 ;
in:184 out:183 type:P dur:2 cpbdur:2 q:37.01 aq:33.42 tex:28369 mv:10773 misc:5082 imb:79 pmb:2114 smb:5967 d:- ref:0 ;
in:183 out:184 type:b dur:2 cpbdur:2 q:37.02 aq:34.12 tex:521 mv:2338 misc:1605 imb:7 pmb:274 smb:7879 d:- ref:0 ;
in:186 out:185 type:P dur:2 cpbdur:2 q:37.00 aq:33.66 tex:30201 mv:11475 misc:5092 imb:74 pmb:2197 smb:5889 d:- ref:0 ;
in:185 out:186 type:b dur:2 cpbdur:2 q:37.01 aq:35.93 tex:279 mv:2067 misc:1542 imb:2 pmb:258 smb:7900 d:- ref:0 ;
in:188 out:187 type:P dur:2 cpbdur:2 q:37.06 aq:33.95 tex:29832 mv:11164 misc:5188 imb:87 pmb:2166 smb:5907 d:- ref:0 ;
in:187 out:188 type:b dur:2 cpbdur:2 q:37.06 aq:35.49 tex:604 mv:3015 misc:2093 imb:2 pmb:400 smb:7758 d:- ref:0 ;
in:190 out:189 type:P dur:2 cpbdur:2 q:37.04 aq:34.10 tex:29928 mv:11354 misc:5078 imb:85 pmb:2174 smb:5901 d:- ref:0 ;
in:189 out:190 type:b dur:2 cpbdur:2 q:37.06 aq:35.45 tex:377 mv:1900 misc:1523 imb:1 pmb:287 smb:7872 d:- ref:0 ;
in:192 out:191 type:P dur:2 cpbdur:2 q:37.03 aq:33.98 tex:32168 mv:11817 misc:5143 imb:80 pmb:2265 smb:5815 d:- ref:0 ;
in:191 out:192 type:b dur:2 cpbdur:2 q:37.04 aq:35.94 tex:377 mv:3106 misc:2141 imb:2 pmb:413 smb:7745 d:- ref:0 ;
in:194 out:193 type:P dur:2 cpbdur:2 q:37.09 aq:33.83 tex:28228 mv:12349 misc:5247 imb:89 pmb:2286 smb:5785 d:- ref:0 ;
in:193 out:194 type:b dur:2 cpbdur:2 q:37.09 aq:35.32 tex:329 mv:2108 misc:1595 imb:2 pmb:283 smb:7875 d:- ref:0 ;
in:196 out:195 type:P dur:2 cpbdur:2 q:37.08 aq:33.70 tex:29673 mv:11183 misc:5128 imb:80 pmb:2160 smb:5920 d:- ref:0 ;
in:195 out:196 type:b dur:2 cpbdur:2 q:37.09 aq:36.68 tex:519 mv:2896 misc:2081 imb:3 pmb:380 smb:7777 d:- ref:0 ;
in:198 out:197 type:P dur:2 cpbdur:2 q:37.07 aq:33.50 tex:27224 mv:11300 misc:5228 imb:86 pmb:2141 smb:5933 d:- ref:0 ;
in:197 out:198 type:b dur:2 cpbdur:2 q:37.08 aq:37.50 tex:521 mv:2606 misc:1841 imb:5 pmb:343 smb:7812 d:- ref:0 ;
in:200 out:199 type:P dur:2 cpbdur:2 q:37.06 aq:33.97 tex:28461 mv:11348 misc:5063 imb:104 pmb:2134 smb:5922 d:- ref:0 ;
in:199 out:200 type:b dur:2 cpbdur:2 q:37.07 aq:35.30 tex:494 mv:2396 misc:1814 imb:9 pmb:345 smb:7806 d:- ref:0 ;
in:202 out:201 type:P dur:2 cpbdur:2 q:37.04 aq:34.08 tex:28575 mv:11570 misc:5127 imb:91 pmb:2168 smb:5901 d:- ref:0 ;
in:201 out:202 type:b dur:2 cpbdur:2 q:37.06 aq:34.95 tex:634 mv:2521 misc:1949 imb:6 pmb:378 smb:7776 d:- ref:0 ;
in:204 out:203 type:P dur:2 cpbdur:2 q:37.02 aq:34.01 tex:30140 mv:11191 misc:5149 imb:84 pmb:2173 smb:5903 d:- ref:0 ;
in:203 out:204 type:b dur:2 cpbdur:2 q:37.04 aq:34.35 tex:441 mv:2186 misc:1725 imb:6 pmb:305 smb:7849 d:- ref:0 ;
in:206 out:205 type:P dur:2 cpbdur:2 q:37.09 aq:33.95 tex:29040 mv:11396 misc:5132 imb:100 pmb:2147 smb:5913 d:- ref:0 ;
in:205 out:206 type:b dur:2 cpbdur:2 q:37.09 aq:37.42 tex:592 mv:2211 misc:1677 imb:4 pmb:309 smb:7847 d:- ref:0 ;
in:208 out:207 type:P dur:2 cpbdur:2 q:37.08 aq:33.79 tex:29540 mv:11042 misc:5162 imb:82 pmb:2099 smb:5979 d:- ref:0 ;
in:207 out:208 type:b dur:2 cpbdur:2 q:37.09 aq:35.75 tex:450 mv:2300 misc:1714 imb:4 pmb:301 smb:7855 d:- ref:0 ;
in:210 out:209 type:P dur:2 cpbdur:2 q:37.06 aq:33.68 tex:32288 mv:11774 misc:5162 imb:89 pmb:2269 smb:5802 d:- ref:0 ;
in:209 out:210 type:b dur:2 cpbdur:2 q:37.08 aq:35.47 tex:995 mv:3173 misc:2024 imb:11 pmb:399 smb:7750 d:- ref:0 ;
in:212 out:211 type:P dur:2 cpbdur:2 q:38.51 aq:35.35 tex:9419 mv:8082 misc:4411 imb:42 pmb:1314 smb:6804 d:- ref:0 ;
in:211 out:212 type:b dur:2 cpbdur:2 q:38.50 aq:36.18 tex:216 mv:1612 misc:1308 imb:1 pmb:215 smb:7944 d:- ref:0 ;
in:214 out:213 type:P dur:2 cpbdur:2 q:38.65 aq:36.19 tex:11384 mv:8938 misc:4542 imb:59 pmb:1415 smb:6686 d:- ref:0 ;
in:213 out:214 type:b dur:2 cpbdur:2 q:38.65 aq:37.00 tex:365 mv:2332 misc:1639 imb:0 pmb:288 smb:7872 d:- ref:0 ;
in:216 out:215 type:P dur:2 cpbdur:2 q:38.70 aq:35.79 tex:9999 mv:8906 misc:4519 imb:55 pmb:1346 smb:6759 d:- ref:0 ;
in:215 out:216 type:b dur:2 cpbdur:2 q:38.70 aq:38.89 tex:104 mv:1498 misc:1206 imb:1 pmb:175 smb:7984 d:- ref:0 ;
in:218 out:217 type:P dur:2 cpbdur:2 q:38.66 aq:36.36 tex:14701 mv:9779 misc:4704 imb:65 pmb:1491 smb:6604 d:- ref:0 ;
in:217 out:218 type:b dur:2 cpbdur:2 q:38.70 aq:36.28 tex:268 mv:2031 misc:1381 imb:3 pmb:236 smb:7921 d:- ref:0 ;
in:220 out:219 type:P dur:2 cpbdur:2 q:38.71 aq:36.05 tex:13075 mv:10031 misc:4678 imb:89 pmb:1501 smb:6570 d:- ref:0 ;
in:219 out:220 type:b dur:2 cpbdur:2 q:38.71 aq:38.24 tex:244 mv:2336 misc:1764 imb:2 pmb:312 smb:7846 d:- ref:0 ;
in:222 out:221 type:P dur:2 cpbdur:2 q:38.75 aq:36.13 tex:15356 mv:10093 misc:4847 imb:75 pmb:1583 smb:6502 d:- ref:0 ;
in:221 out:222 type:b dur:2 cpbdur:2 q:38.75 aq:36.95 tex:143 mv:1797 misc:1364 imb:0 pmb:216 smb:7944 d:- ref:0 ;
in:224 out:223 type:P dur:2 cpbdur:2 q:38.72 aq:35.32 tex:15350 mv:11224 misc:4946 imb:94 pmb:1697 smb:6369 d:- ref:0 ;
in:223 out:224 type:b dur:2 cpbdur:2 q:38.75 aq:37.47 tex:141 mv:2212 misc:1791 imb:1 pmb:318 smb:7841 d:- ref:0 ;
in:226 out:225 type:P dur:2 cpbdur:2 q:38.76 aq:35.78 tex:16912 mv:10357 misc:4811 imb:70 pmb:1697 smb:6393 d:- ref:0 ;
in:225 out:226 type:b dur:2 cpbdur:2 q:38.76 aq:36.35 tex:206 mv:2060 misc:1462 imb:4 pmb:235 smb:7921 d:- ref:0 ;
in:228 out:227 type:P dur:2 cpbdur:2 q:38.81 aq:36.06 tex:16789 mv:10763 misc:4968 imb:97 pmb:1705 smb:6358 d:- ref:0 ;
in:227 out:228 type:b dur:2 cpbdur:2 q:38.81 aq:36.03 tex:112 mv:1973 misc:1539 imb:1 pmb:248 smb:7911 d:- ref:0 ;
in:230 out:229 type:P dur:2 cpbdur:2 q:38.77 aq:35.93 tex:17885 mv:10358 misc:4933 imb:65 pmb:1761 smb:6334 d:- ref:0 ;
in:229 out:230 type:b dur:2 cpbdur:2 q:38.81 aq:38.22 tex:345 mv:2055 misc:1472 imb:3 pmb:232 smb:7925 d:- ref:0 ;
in:232 out:231 type:P dur:2 cpbdur:2 q:38.82 aq:35.81 tex:18773 mv:10377 misc:4882 imb:80 pmb:1731 smb:6349 d:- ref:0 ;
in:231 out:232 type:b dur:2 cpbdur:2 q:38.82 aq:36.42 tex:226 mv:1844 misc:1322 imb:1 pmb:198 smb:7961 d:- ref:0 ;
in:234 out:233 type:P dur:2 cpbdur:2 q:38.79 aq:36.70 tex:19674 mv:11228 misc:5082 imb:84 pmb:1862 smb:6214 d:- ref:0 ;
in:233 out:234 type:b dur:2 cpbdur:2 q:38.82 aq:37.77 tex:318 mv:1798 misc:1452 imb:2 pmb:238 smb:7920 d:- ref:0 ;
in:236 out:235 type:P dur:2 cpbdur:2 q:38.83 aq:35.81 tex:20706 mv:11675 misc:5179 imb:111 pmb:1884 smb:6165 d:- ref:0 ;
in:235 out:236 type:b dur:2 cpbdur:2 q:38.83 aq:37.20 tex:209 mv:2312 misc:1767 imb:2 pmb:313 smb:7845 d:- ref:0 ;
in:238 out:237 type:P dur:2 cpbdur:2 q:38.80 aq:35.60 tex:19535 mv:11483 misc:5078 imb:88 pmb:1922 smb:6150 d:- ref:0 ;
in:237 out:238 type:b dur:2 cpbdur:2 q:38.83 aq:36.02 tex:156 mv:1795 misc:1457 imb:5 pmb:224 smb:7931 d:- ref:0 ;
in:240 out:239 type:P dur:2 cpbdur:2 q:38.76 aq:35.76 tex:22897 mv:12319 misc:5128 imb:118 pmb:1968 smb:6074 d:- ref:0 ;
in:239 out:240 type:b dur:2 cpbdur:2 q:38.80 aq:37.97 tex:311 mv:2083 misc:1550 imb:5 pmb:253 smb:7902 d:- ref:0 ;
in:242 out:241 type:P dur:2 cpbdur:2 q:38.81 aq:35.70 tex:19573 mv:11202 misc:5169 imb:93 pmb:1877 smb:6190 d:- ref:0 ;
in:241 out:242 type:b dur:2 cpbdur:2 q:38.81 aq:36.98 tex:251 mv:2090 misc:1675 imb:7 pmb:267 smb:7886 d:- ref:0 ;
in:244 out:243 type:P dur:2 cpbdur:2 q:38.77 aq:35.59 tex:21406 mv:11971 misc:5175 imb:115 pmb:1999 smb:6046 d:- ref:0 ;
in:243 out:244 type:b dur:2 cpbdur:2 q:38.81 aq:37.80 tex:258 mv:2065 misc:1517 imb:5 pmb:251 smb:7904 d:- ref:0 ;
in:246 out:245 type:P dur:2 cpbdur:2 q:38.82 aq:35.72 tex:21137 mv:11525 misc:5122 imb:92 pmb:1949 smb:6119 d:- ref:0 ;
in:245 out:246 type:b dur:2 cpbdur:2 q:38.82 aq:39.00 tex:335 mv:1989 misc:1548 imb:5 pmb:248 smb:7907 d:- ref:0 ;
in:248 out:247 type:P dur:2 cpbdur:2 q:38.78 aq:35.38 tex:20056 mv:10828 misc:5164 imb:104 pmb:1832 smb:6224 d:- ref:0 ;
in:247 out:248 type:b dur:2 cpbdur:2 q:38.82 aq:37.52 tex:256 mv:1417 misc:1239 imb:5 pmb:188 smb:7967 d:- ref:0 ;
in:249 out:249 type:P dur:2 cpbdur:2 q:34.78 aq:34.17 tex:13699 mv:9707 misc:5842 imb:547 pmb:1266 smb:6347 d:- ref:0 ;
in:250 out:250 type:I dur:2 cpbdur:2 q:35.85 aq:33.02 tex:449977 mv:162455 misc:616 imb:8160 pmb:0 smb:0 d:- ref:;
in:252 out:251 type:P dur:2 cpbdur:2 q:38.79 aq:34.93 tex:2165 mv:6211 misc:3768 imb:8 pmb:967 smb:7185 d:- ref:0 ;
in:251 out:252 type:b dur:2 cpbdur:2 q:38.79 aq:36.03 tex:91 mv:1584 misc:1197 imb:0 pmb:188 smb:7972 d:- ref:0 ;
in:254 out:253 type:P dur:2 cpbdur:2 q:38.75 aq:36.06 tex:4401 mv:8009 misc:4158 imb:38 pmb:1115 smb:7007 d:- ref:0 ;
in:253 out:254 type:b dur:2 cpbdur:2 q:38.79 aq:36.63 tex:262 mv:1980 misc:1454 imb:2 pmb:242 smb:7916 d:- ref:0 ;
in:256 out:255 type:P dur:2 cpbdur:2 q:38.71 aq:35.87 tex:6422 mv:9217 misc:4393 imb:42 pmb:1268 smb:6850 d:- ref:0 ;
in:255 out:256 type:b dur:2 cpbdur:2 q:38.75 aq:38.49 tex:181 mv:1994 misc:1473 imb:0 pmb:247 smb:7913 d:- ref:0 ;
in:258 out:257 type:P dur:2 cpbdur:2 q:38.33 aq:35.20 tex:10581 mv:10026 misc:4609 imb:43 pmb:1506 smb:6611 d:- ref:0 ;
in:257 out:258 type:b dur:2 cpbdur:2 q:38.71 aq:36.79 tex:142 mv:1521 misc:1193 imb:0 pmb:175 smb:7985 d:- ref:0 ;
in:260 out:259 type:P dur:2 cpbdur:2 q:38.17 aq:34.81 tex:11481 mv:10313 misc:4710 imb:34 pmb:1551 smb:6575 d:- ref:0 ;
in:259 out:260 type:b dur:2 cpbdur:2 q:38.33 aq:35.43 tex:235 mv:2285 misc:1680 imb:4 pmb:299 smb:7857 d:- ref:0 ;
in:262 out:261 type:P dur:2 cpbdur:2 q:38.04 aq:35.49 tex:14498 mv:10315 misc:4843 imb:56 pmb:1636 smb:6468 d:- ref:0 ;
in:261 out:262 type:b dur:2 cpbdur:2 q:38.17 aq:37.84 tex:179 mv:1521 misc:1196 imb:1 pmb:194 smb:7965 d:- ref:0 ;
in:264 out:263 type:P dur:2 cpbdur:2 q:37.91 aq:35.29 tex:15932 mv:9875 misc:4609 imb:57 pmb:1567 smb:6536 d:- ref:0 ;
in:263 out:264 type:b dur:2 cpbdur:2 q:38.04 aq:35.84 tex:295 mv:2159 misc:1530 imb:2 pmb:262 smb:7896 d:- ref:0 ;
in:266 out:265 type:P dur:2 cpbdur:2 q:37.79 aq:35.14 tex:17666 mv:10534 misc:4840 imb:59 pmb:1730 smb:6371 d:- ref:0 ;
in:265 out:266 type:b dur:2 cpbdur:2 q:37.91 aq:35.12 tex:373 mv:2747 misc:1800 imb:0 pmb:341 smb:7819 d:- ref:0 ;
in:268 out:267 type:P dur:2 cpbdur:2 q:37.67 aq:35.08 tex:20967 mv:11695 misc:4954 imb:84 pmb:1912 smb:6164 d:- ref:0 ;
in:267 out:268 type:b dur:2 cpbdur:2 q:37.78 aq:35.80 tex:686 mv:3534 misc:2028 imb:8 pmb:386 smb:7766 d:- ref:0 ;
in:270 out:269 type:P dur:2 cpbdur:2 q:37.55 aq:34.45 tex:22726 mv:11393 misc:5057 imb:82 pmb:1913 smb:6165 d:- ref:0 ;
in:269 out:270 type:b dur:2 cpbdur:2 q:37.67 aq:36.21 tex:815 mv:3258 misc:1919 imb:6 pmb:370 smb:7784 d:- ref:0 ;
in:272 out:271 type:P dur:2 cpbdur:2 q:37.43 aq:34.63 tex:24824 mv:11797 misc:5107 imb:105 pmb:1968 smb:6087 d:- ref:0 ;
in:271 out:272 type:b dur:2 cpbdur:2 q:37.55 aq:36.48 tex:928 mv:3796 misc:2316 imb:5 pmb:477 smb:7678 d:- ref:0 ;
in:274 out:273 type:P dur:2 cpbdur:2 q:37.42 aq:34.20 tex:26077 mv:11824 misc:5195 imb:81 pmb:2079 smb:6000 d:- ref:0 ;
in:273 out:274 type:b dur:2 cpbdur:2 q:37.43 aq:39.07 tex:482 mv:2289 misc:1477 imb:1 pmb:260 smb:7899 d:- ref:0 ;
in:276 out:275 type:P dur:2 cpbdur:2 q:37.31 aq:34.84 tex:26885 mv:11985 misc:5202 imb:89 pmb:2118 smb:5953 d:- ref:0 ;
in:275 out:276 type:b dur:2 cpbdur:2 q:37.42 aq:35.83 tex:963 mv:3179 misc:1842 imb:6 pmb:370 smb:7784 d:- ref:0 ;
in:278 out:277 type:P dur:2 cpbdur:2 q:37.22 aq:33.93 tex:26238 mv:12027 misc:5255 imb:102 pmb:2126 smb:5932 d:- ref:0 ;
in:277 out:278 type:b dur:2 cpbdur:2 q:37.31 aq:35.21 tex:562 mv:3068 misc:1650 imb:4 pmb:332 smb:7824 d:- ref:0 ;
in:280 out:279 type:P dur:2 cpbdur:2 q:37.12 aq:33.72 tex:29526 mv:13272 misc:5242 imb:118 pmb:2299 smb:5743 d:- ref:0 ;
in:279 out:280 type:b dur:2 cpbdur:2 q:37.22 aq:36.92 tex:690 mv:4339 misc:2411 imb:4 pmb:492 smb:7664 d:- ref:0 ;
in:282 out:281 type:P dur:2 cpbdur:2 q:37.02 aq:34.06 tex:29581 mv:12759 misc:5228 imb:137 pmb:2205 smb:5818 d:- ref:0 ;
in:281 out:282 type:b dur:2 cpbdur:2 q:37.12 aq:37.02 tex:1072 mv:4973 misc:2875 imb:2 pmb:660 smb:7498 d:- ref:0 ;
in:284 out:283 type:P dur:2 cpbdur:2 q:37.01 aq:33.82 tex:30853 mv:13124 misc:5271 imb:149 pmb:2278 smb:5733 d:- ref:0 ;
in:283 out:284 type:b dur:2 cpbdur:2 q:37.02 aq:36.15 tex:1369 mv:4948 misc:2763 imb:11 pmb:592 smb:7557 d:- ref:0 ;
in:286 out:285 type:P dur:2 cpbdur:2 q:37.01 aq:33.73 tex:27170 mv:12422 misc:5288 imb:147 pmb:2161 smb:5852 d:- ref:0 ;
in:285 out:286 type:b dur:2 cpbdur:2 q:37.01 aq:36.64 tex:1105 mv:5134 misc:2721 imb:6 pmb:595 smb:7559 d:- ref:0 ;
in:288 out:287 type:P dur:2 cpbdur:2 q:37.00 aq:33.79 tex:32338 mv:12637 misc:5441 imb:166 pmb:2245 smb:5749 d:- ref:0 ;
in:287 out:288 type:b dur:2 cpbdur:2 q:37.01 aq:35.47 tex:940 mv:4599 misc:2653 imb:14 pmb:573 smb:7573 d:- ref:0 ;
in:290 out:289 type:P dur:2 cpbdur:2 q:37.09 aq:33.90 tex:26254 mv:11554 misc:5128 imb:105 pmb:2057 smb:5998 d:- ref:0 w:0,1,-1 ;
in:289 out:290 type:b dur:2 cpbdur:2 q:37.09 aq:35.85 tex:1105 mv:4490 misc:2573 imb:37 pmb:517 smb:7606 d:- ref:0 ;
in:292 out:291 type:P dur:2 cpbdur:2 q:37.00 aq:33.82 tex:25957 mv:11519 misc:5244 imb:110 pmb:2069 smb:5981 d:- ref:0 ;
in:291 out:292 type:b dur:2 cpbdur:2 q:37.09 aq:35.08 tex:582 mv:2846 misc:1908 imb:13 pmb:339 smb:7808 d:- ref:0 ;
in:294 out:293 type:P dur:2 cpbdur:2 q:37.09 aq:34.04 tex:25889 mv:11158 misc:5137 imb:84 pmb:2042 smb:6034 d:- ref:0 ;
in:293 out:294 type:b dur:2 cpbdur:2 q:37.08 aq:34.25 tex:576 mv:2556 misc:1692 imb:15 pmb:287 smb:7858 d:- ref:0 ;
in:296 out:295 type:P dur:2 cpbdur:2 q:36.99 aq:33.85 tex:26272 mv:11658 misc:5206 imb:106 pmb:2092 smb:5962 d:- ref:0 ;
in:295 out:296 type:b dur:2 cpbdur:2 q:37.08 aq:36.47 tex:647 mv:4076 misc:2461 imb:13 pmb:464 smb:7683 d:- ref:0 ;
in:298 out:297 type:P dur:2 cpbdur:2 q:36.98 aq:33.77 tex:33740 mv:13092 misc:5192 imb:135 pmb:2362 smb:5663 d:- ref:0 ;
in:297 out:298 type:b dur:2 cpbdur:2 q:36.99 aq:34.50 tex:536 mv:3218 misc:2078 imb:10 pmb:399 smb:7751 d:- ref:0 ;
in:300 out:299 type:P dur:2 cpbdur:2 q:37.05 aq:33.85 tex:25891 mv:12059 misc:5234 imb:90 pmb:2142 smb:5928 d:- ref:0 ;
in:299 out:300 type:b dur:2 cpbdur:2 q:37.05 aq:35.28 tex:557 mv:3263 misc:2172 imb:12 pmb:406 smb:7742 d:- ref:0 ;
in:302 out:301 type:P dur:2 cpbdur:2 q:37.04 aq:34.40 tex:30593 mv:12558 misc:5177 imb:84 pmb:2245 smb:5831 d:- ref:0 ;
in:301 out:302 type:b dur:2 cpbdur:2 q:37.05 aq:36.28 tex:416 mv:3654 misc:2162 imb:5 pmb:440 smb:7715 d:- ref:0 ;
in:304 out:303 type:P dur:2 cpbdur:2 q:37.04 aq:34.15 tex:25531 mv:12168 misc:5157 imb:78 pmb:2158 smb:5924 d:- ref:0 ;
in:303 out:304 type:b dur:2 cpbdur:2 q:37.04 aq:36.57 tex:448 mv:3309 misc:2115 imb:1 pmb:406 smb:7753 d:- ref:0 ;
in:306 out:305 type:P dur:2 cpbdur:2 q:37.03 aq:33.96 tex:27126 mv:12160 misc:5210 imb:83 pmb:2216 smb:5861 d:- ref:0 ;
in:305 out:306 type:b dur:2 cpbdur:2 q:37.04 aq:35.26 tex:439 mv:2896 misc:1913 imb:3 pmb:340 smb:7817 d:- ref:0 ;
in:308 out:307 type:P dur:2 cpbdur:2 q:37.02 aq:33.83 tex:29678 mv:12235 misc:5279 imb:86 pmb:2212 smb:5862 d:- ref:0 ;
in:307 out:308 type:b dur:2 cpbdur:2 q:37.03 aq:34.73 tex:468 mv:3107 misc:2065 imb:8 pmb:398 smb:7754 d:- ref:0 ;
in:310 out:309 type:P dur:2 cpbdur:2 q:37.01 aq:33.72 tex:26390 mv:12062 misc:5188 imb:89 pmb:2170 smb:5901 d:- ref:0 ;
in:309 out:310 type:b dur:2 cpbdur:2 q:37.02 aq:36.06 tex:413 mv:2493 misc:1766 imb:5 pmb:310 smb:7845 d:- ref:0 ;
in:312 out:311 type:P dur:2 cpbdur:2 q:37.00 aq:33.68 tex:29282 mv:12731 misc:5251 imb:78 pmb:2345 smb:5737 d:- ref:0 ;
in:311 out:312 type:b dur:2 cpbdur:2 q:37.01 aq:35.88 tex:612 mv:3085 misc:1983 imb:9 pmb:368 smb:7783 d:- ref:0 ;
in:314 out:313 type:P dur:2 cpbdur:2 q:36.99 aq:33.89 tex:28491 mv:12024 misc:5197 imb:95 pmb:2228 smb:5837 d:- ref:0 ;
in:313 out:314 type:b dur:2 cpbdur:2 q:37.00 aq:34.95 tex:448 mv:2965 misc:2139 imb:4 pmb:424 smb:7732 d:- ref:0 ;
in:316 out:315 type:P dur:2 cpbdur:2 q:36.98 aq:33.30 tex:30963 mv:12416 misc:5181 imb:103 pmb:2288 smb:5769 d:- ref:0 ;
in:315 out:316 type:b dur:2 cpbdur:2 q:36.99 aq:35.66 tex:449 mv:2691 misc:1860 imb:6 pmb:332 smb:7822 d:- ref:0 ;
in:318 out:317 type:P dur:2 cpbdur:2 q:37.06 aq:33.84 tex:30154 mv:12080 misc:5286 imb:98 pmb:2258 smb:5804 d:- ref:0 ;
in:317 out:318 type:b dur:2 cpbdur:2 q:37.06 aq:36.64 tex:597 mv:3194 misc:2089 imb:10 pmb:418 smb:7732 d:- ref:0 ;
in:320 out:319 type:P dur:2 cpbdur:2 q:37.05 aq:33.83 tex:30514 mv:12813 misc:5369 imb:102 pmb:2336 smb:5722 d:- ref:0 ;
in:319 out:320 type:b dur:2 cpbdur:2 q:37.06 aq:35.00 tex:281 mv:2313 misc:1614 imb:3 pmb:282 smb:7875 d:- ref:0 ;
in:322 out:321 type:P dur:2 cpbdur:2 q:37.05 aq:33.94 tex:34586 mv:13040 misc:5342 imb:90 pmb:2460 smb:5610 d:- ref:0 ;
in:321 out:322 type:b dur:2 cpbdur:2 q:37.05 aq:36.65 tex:419 mv:2592 misc:1813 imb:4 pmb:328 smb:7828 d:- ref:0 ;
in:324 out:323 type:P dur:2 cpbdur:2 q:37.04 aq:33.81 tex:29244 mv:12676 misc:5344 imb:121 pmb:2318 smb:5721 d:- ref:0 ;
in:323 out:324 type:b dur:2 cpbdur:2 q:37.05 aq:34.89 tex:489 mv:3513 misc:2310 imb:4 pmb:473 smb:7683 d:- ref:0 ;
in:326 out:325 type:P dur:2 cpbdur:2 q:37.04 aq:33.85 tex:29776 mv:12048 misc:5400 imb:93 pmb:2287 smb:5780 d:- ref:0 ;
in:325 out:326 type:b dur:2 cpbdur:2 q:37.04 aq:36.50 tex:237 mv:2204 misc:1583 imb:3 pmb:271 smb:7886 d:- ref:0 ;
in:328 out:327 type:P dur:2 cpbdur:2 q:37.04 aq:33.80 tex:28260 mv:12359 misc:5365 imb:108 pmb:2215 smb:5837 d:- ref:0 ;
in:327 out:328 type:b dur:2 cpbdur:2 q:37.04 aq:36.13 tex:427 mv:2688 misc:2133 imb:6 pmb:416 smb:7738 d:- ref:0 ;
in:330 out:329 type:P dur:2 cpbdur:2 q:37.03 aq:33.64 tex:29724 mv:11999 misc:5373 imb:110 pmb:2220 smb:5830 d:- ref:0 ;
in:329 out:330 type:b dur:2 cpbdur:2 q:37.04 aq:35.02 tex:341 mv:2377 misc:1738 imb:6 pmb:306 smb:7848 d:- ref:0 ;
in:332 out:331 type:P dur:2 cpbdur:2 q:37.03 aq:33.79 tex:30777 mv:12821 misc:5290 imb:97 pmb:2327 smb:5736 d:- ref:0 ;
in:331 out:332 type:b dur:2 cpbdur:2 q:37.03 aq:35.99 tex:629 mv:3401 misc:2410 imb:11 pmb:480 smb:7669 d:- ref:0 ;
in:334 out:333 type:P dur:2 cpbdur:2 q:37.02 aq:33.83 tex:30396 mv:13034 misc:5370 imb:118 pmb:2440 smb:5602 d:- ref:0 ;
in:333 out:334 type:b dur:2 cpbdur:2 q:37.03 aq:34.88 tex:426 mv:3306 misc:2228 imb:4 pmb:425 smb:7731 d:- ref:0 ;
in:336 out:335 type:P dur:2 cpbdur:2 q:37.01 aq:33.85 tex:34251 mv:12697 misc:5276 imb:110 pmb:2402 smb:5648 d:- ref:0 ;
in:335 out:336 type:b dur:2 cpbdur:2 q:37.02 aq:35.45 tex:335 mv:2524 misc:1877 imb:1 pmb:347 smb:7812 d:- ref:0 ;
in:338 out:337 type:P dur:2 cpbdur:2 q:37.01 aq:33.91 tex:30802 mv:13049 misc:5357 imb:102 pmb:2384 smb:5674 d:- ref:0 ;
in:337 out:338 type:b dur:2 cpbdur:2 q:37.01 aq:36.67 tex:621 mv:3073 misc:2122 imb:6 pmb:405 smb:7749 d:- ref:0 ;
in:340 out:339 type:P dur:2 cpbdur:2 q:37.01 aq:33.93 tex:31680 mv:12723 misc:5397 imb:104 pmb:2353 smb:5703 d:- ref:0 ;
in:339 out:340 type:b dur:2 cpbdur:2 q:37.01 aq:34.39 tex:493 mv:2205 misc:1758 imb:11 pmb:293 smb:7856 d:- ref:0 ;
in:342 out:341 type:P dur:2 cpbdur:2 q:37.09 aq:34.17 tex:28306 mv:12564 misc:5418 imb:118 pmb:2262 smb:5780 d:- ref:0 ;
in:341 out:342 type:b dur:2 cpbdur:2 q:37.09 aq:36.59 tex:468 mv:2912 misc:2076 imb:4 pmb:400 smb:7756 d:- ref:0 ;
in:344 out:343 type:P dur:2 cpbdur:2 q:37.00 aq:33.89 tex:27109 mv:12824 misc:5467 imb:103 pmb:2332 smb:5725 d:- ref:0 ;
in:343 out:344 type:b dur:2 cpbdur:2 q:37.09 aq:36.03 tex:498 mv:2809 misc:2029 imb:4 pmb:388 smb:7768 d:- ref:0 ;
in:346 out:345 type:P dur:2 cpbdur:2 q:37.00 aq:33.77 tex:31007 mv:12890 misc:5487 imb:112 pmb:2362 smb:5686 d:- ref:0 ;
in:345 out:346 type:b dur:2 cpbdur:2 q:37.00 aq:36.46 tex:473 mv:2642 misc:1949 imb:9 pmb:352 smb:7799 d:- ref:0 ;
in:348 out:347 type:P dur:2 cpbdur:2 q:36.99 aq:33.77 tex:29370 mv:12566 misc:5432 imb:119 pmb:2298 smb:5743 d:- ref:0 ;
in:347 out:348 type:b dur:2 cpbdur:2 q:37.00 aq:35.76 tex:487 mv:3245 misc:2092 imb:4 pmb:400 smb:7756 d:- ref:0 ;
in:350 out:349 type:P dur:2 cpbdur:2 q:37.07 aq:33.89 tex:31545 mv:13053 misc:5482 imb:124 pmb:2354 smb:5682 d:- ref:0 ;
in:349 out:350 type:b dur:2 cpbdur:2 q:37.07 aq:35.80 tex:409 mv:2918 misc:1985 imb:9 pmb:365 smb:7786 d:- ref:0 ;
in:352 out:351 type:P dur:2 cpbdur:2 q:37.07 aq:33.79 tex:29100 mv:12668 misc:5496 imb:121 pmb:2307 smb:5732 d:- ref:0 ;
in:351 out:352 type:b dur:2 cpbdur:2 q:37.07 aq:34.11 tex:350 mv:2452 misc:1734 imb:15 pmb:310 smb:7835 d:- ref:0 ;
in:354 out:353 type:P dur:2 cpbdur:2 q:37.06 aq:33.93 tex:31263 mv:13273 misc:5616 imb:103 pmb:2407 smb:5650 d:- ref:0 ;
in:353 out:354 type:b dur:2 cpbdur:2 q:37.07 aq:36.27 tex:444 mv:3464 misc:2364 imb:15 pmb:426 smb:7719 d:- ref:0 ;
in:356 out:355 type:P dur:2 cpbdur:2 q:37.06 aq:34.02 tex:31589 mv:13385 misc:5562 imb:105 pmb:2419 smb:5636 d:- ref:0 ;
in:355 out:356 type:b dur:2 cpbdur:2 q:37.06 aq:35.95 tex:494 mv:3269 misc:2157 imb:14 pmb:393 smb:7753 d:- ref:0 ;
in:358 out:357 type:P dur:2 cpbdur:2 q:37.06 aq:34.07 tex:29906 mv:13353 misc:5597 imb:135 pmb:2405 smb:5620 d:- ref:0 ;
in:357 out:358 type:b dur:2 cpbdur:2 q:37.06 aq:36.25 tex:530 mv:3628 misc:2306 imb:19 pmb:422 smb:7719 d:- ref:0 ;
in:360 out:359 type:P dur:2 cpbdur:2 q:37.06 aq:33.87 tex:30611 mv:13418 misc:6027 imb:174 pmb:2407 smb:5579 d:- ref:0 ;
in:359 out:360 type:b dur:2 cpbdur:2 q:37.06 aq:35.44 tex:694 mv:3090 misc:2104 imb:14 pmb:378 smb:7768 d:- ref:0 ;
in:362 out:361 type:P dur:2 cpbdur:2 q:37.06 aq:33.88 tex:26172 mv:13191 misc:5901 imb:242 pmb:2156 smb:5762 d:- ref:0 ;
in:361 out:362 type:b dur:2 cpbdur:2 q:37.06 aq:34.92 tex:516 mv:2917 misc:2015 imb:15 pmb:362 smb:7783 d:- ref:0 ;
in:364 out:363 type:P dur:2 cpbdur:2 q:37.05 aq:33.91 tex:28430 mv:12601 misc:5625 imb:114 pmb:2189 smb:5857 d:- ref:0 ;
in:363 out:364 type:b dur:2 cpbdur:2 q:37.06 aq:35.11 tex:518 mv:3617 misc:2353 imb:13 pmb:456 smb:7691 d:- ref:0 ;
in:366 out:365 type:P dur:2 cpbdur:2 q:37.05 aq:33.82 tex:26204 mv:12479 misc:5541 imb:109 pmb:2236 smb:5815 d:- ref:0 ;
in:365 out:366 type:b dur:2 cpbdur:2 q:37.05 aq:36.77 tex:524 mv:2535 misc:1885 imb:5 pmb:344 smb:7811 d:- ref:0 ;
in:368 out:367 type:P dur:2 cpbdur:2 q:37.05 aq:33.79 tex:28266 mv:12500 misc:5570 imb:105 pmb:2248 smb:5807 d:- ref:0 ;
in:367 out:368 type:b dur:2 cpbdur:2 q:37.05 aq:35.43 tex:446 mv:2330 misc:1728 imb:4 pmb:291 smb:7865 d:- ref:0 ;
in:370 out:369 type:P dur:2 cpbdur:2 q:37.04 aq:33.88 tex:30117 mv:13126 misc:5597 imb:91 pmb:2382 smb:5687 d:- ref:0 ;
in:369 out:370 type:b dur:2 cpbdur:2 q:37.05 aq:36.73 tex:554 mv:3011 misc:2035 imb:12 pmb:377 smb:7771 d:- ref:0 ;
in:372 out:371 type:P dur:2 cpbdur:2 q:37.04 aq:33.77 tex:30302 mv:12681 misc:5737 imb:118 pmb:2333 smb:5709 d:- ref:0 ;
in:371 out:372 type:b dur:2 cpbdur:2 q:37.04 aq:37.01 tex:490 mv:2555 misc:1979 imb:12 pmb:349 smb:7799 d:- ref:0 ;
in:374 out:373 type:P dur:2 cpbdur:2 q:37.03 aq:33.74 tex:29717 mv:12024 misc:5459 imb:95 pmb:2209 smb:5856 d:- ref:0 ;
in:373 out:374 type:b dur:2 cpbdur:2 q:37.04 aq:35.48 tex:534 mv:3091 misc:1999 imb:12 pmb:374 smb:7774 d:- ref:0 ;
in:376 out:375 type:P dur:2 cpbdur:2 q:37.03 aq:33.77 tex:30156 mv:12184 misc:5396 imb:101 pmb:2226 smb:5833 d:- ref:0 ;
in:375 out:376 type:b dur:2 cpbdur:2 q:37.03 aq:35.30 tex:506 mv:3000 misc:2230 imb:10 pmb:409 smb:7741 d:- ref:0 ;
in:378 out:377 type:P dur:2 cpbdur:2 q:37.02 aq:34.04 tex:31370 mv:12396 misc:5474 imb:89 pmb:2268 smb:5803 d:- ref:0 ;
in:377 out:378 type:b dur:2 cpbdur:2 q:37.03 aq:37.17 tex:652 mv:2699 misc:1985 imb:5 pmb:376 smb:7779 d:- ref:0 ;
in:380 out:379 type:P dur:2 cpbdur:2 q:37.02 aq:34.10 tex:29648 mv:12927 misc:5577 imb:101 pmb:2334 smb:5725 d:- ref:0 ;
in:379 out:380 type:b dur:2 cpbdur:2 q:37.02 aq:35.20 tex:629 mv:2913 misc:2170 imb:6 pmb:430 smb:7724 d:- ref:0 ;
in:382 out:381 type:P dur:2 cpbdur:2 q:37.10 aq:33.89 tex:29747 mv:12653 misc:5632 imb:108 pmb:2317 smb:5735 d:- ref:0 ;
in:381 out:382 type:b dur:2 cpbdur:2 q:37.10 aq:35.03 tex:457 mv:2578 misc:1877 imb:12 pmb:337 smb:7811 d:- ref:0 ;
in:384 out:383 type:P dur:2 cpbdur:2 q:37.10 aq:33.69 tex:30516 mv:13209 misc:5619 imb:133 pmb:2319 smb:5708 d:- ref:0 ;
in:383 out:384 type:b dur:2 cpbdur:2 q:37.10 aq:37.22 tex:654 mv:2694 misc:1876 imb:11 pmb:324 smb:7825 d:- ref:0 ;
in:386 out:385 type:P dur:2 cpbdur:2 q:37.09 aq:33.76 tex:30704 mv:13292 misc:5652 imb:126 pmb:2390 smb:5644 d:- ref:0 ;
in:385 out:386 type:b dur:2 cpbdur:2 q:37.10 aq:36.21 tex:664 mv:3587 misc:2517 imb:9 pmb:538 smb:7613 d:- ref:0 ;
in:388 out:387 type:P dur:2 cpbdur:2 q:37.09 aq:33.84 tex:32701 mv:13836 misc:5551 imb:117 pmb:2509 smb:5534 d:- ref:0 ;
in:387 out:388 type:b dur:2 cpbdur:2 q:37.09 aq:37.17 tex:645 mv:2937 misc:2154 imb:13 pmb:396 smb:7751 d:- ref:0 ;
in:390 out:389 type:P dur:2 cpbdur:2 q:37.09 aq:33.71 tex:34842 mv:13707 misc:5667 imb:108 pmb:2531 smb:5521 d:- ref:0 ;
in:389 out:390 type:b dur:2 cpbdur:2 q:37.09 aq:37.66 tex:453 mv:2998 misc:2125 imb:10 pmb:411 smb:7739 d:- ref:0 ;
in:392 out:391 type:P dur:2 cpbdur:2 q:37.09 aq:33.73 tex:32306 mv:13506 misc:5740 imb:130 pmb:2384 smb:5646 d:- ref:0 ;
in:391 out:392 type:b dur:2 cpbdur:2 q:37.09 aq:37.29 tex:613 mv:3211 misc:2104 imb:9 pmb:396 smb:7755 d:- ref:0 ;
in:394 out:393 type:P dur:2 cpbdur:2 q:37.09 aq:33.82 tex:30229 mv:12760 misc:5739 imb:128 pmb:2268 smb:5764 d:- ref:0 ;
in:393 out:394 type:b dur:2 cpbdur:2 q:37.09 aq:36.83 tex:521 mv:2798 misc:2033 imb:9 pmb:376 smb:7775 d:- ref:0 ;
in:396 out:395 type:P dur:2 cpbdur:2 q:37.10 aq:33.79 tex:31098 mv:13810 misc:5788 imb:124 pmb:2427 smb:5609 d:- ref:0 ;
in:395 out:396 type:b dur:2 cpbdur:2 q:37.10 aq:37.65 tex:446 mv:3278 misc:2092 imb:13 pmb:389 smb:7758 d:- ref:0 ;
in:398 out:397 type:P dur:2 cpbdur:2 q:37.10 aq:33.65 tex:31732 mv:13548 misc:5832 imb:125 pmb:2468 smb:5567 d:- ref:0 ;
in:397 out:398 type:b dur:2 cpbdur:2 q:37.10 aq:37.10 tex:573 mv:3007 misc:2068 imb:13 pmb:392 smb:7755 d:- ref:0 ;
in:400 out:399 type:P dur:2 cpbdur:2 q:37.10 aq:33.87 tex:33025 mv:13738 misc:5773 imb:142 pmb:2460 smb:5558 d:- ref:0 ;
in:399 out:400 type:b dur:2 cpbdur:2 q:37.10 aq:35.81 tex:642 mv:2842 misc:2148 imb:9 pmb:406 smb:7745 d:- ref:0 ;
in:402 out:401 type:P dur:2 cpbdur:2 q:37.10 aq:33.92 tex:34637 mv:13473 misc:5770 imb:134 pmb:2462 smb:5564 d:- ref:0 ;
in:401 out:402 type:b dur:2 cpbdur:2 q:37.10 aq:36.46 tex:828 mv:2765 misc:1919 imb:16 pmb:350 smb:7794 d:- ref:0 ;
in:404 out:403 type:P dur:2 cpbdur:2 q:37.10 aq:33.94 tex:28460 mv:12511 misc:5661 imb:107 pmb:2271 smb:5782 d:- ref:0 ;
in:403 out:404 type:b dur:2 cpbdur:2 q:37.10 aq:34.22 tex:459 mv:2987 misc:2162 imb:9 pmb:389 smb:7762 d:- ref:0 ;
in:406 out:405 type:P dur:2 cpbdur:2 q:37.10 aq:33.83 tex:33967 mv:13204 misc:5661 imb:106 pmb:2414 smb:5640 d:- ref:0 ;
in:405 out:406 type:b dur:2 cpbdur:2 q:37.10 aq:35.61 tex:827 mv:3360 misc:2245 imb:8 pmb:418 smb:7734 d:- ref:0 ;
in:408 out:407 type:P dur:2 cpbdur:2 q:37.11 aq:33.81 tex:29361 mv:12511 misc:5512 imb:108 pmb:2276 smb:5776 d:- ref:0 ;
in:407 out:408 type:b dur:2 cpbdur:2 q:37.11 aq:35.35 tex:624 mv:2721 misc:1871 imb:10 pmb:320 smb:7830 d:- ref:0 ;
in:410 out:409 type:P dur:2 cpbdur:2 q:37.02 aq:33.92 tex:36609 mv:13072 misc:5471 imb:108 pmb:2434 smb:5618 d:- ref:0 ;
in:409 out:410 type:b dur:2 cpbdur:2 q:37.11 aq:36.21 tex:681 mv:2969 misc:1838 imb:8 pmb:321 smb:7831 d:- ref:0 ;
in:412 out:411 type:P dur:2 cpbdur:2 q:37.10 aq:34.03 tex:31269 mv:12386 misc:5489 imb:121 pmb:2259 smb:5780 d:- ref:0 ;
in:411 out:412 type:b dur:2 cpbdur:2 q:37.10 aq:37.14 tex:636 mv:2735 misc:1845 imb:6 pmb:344 smb:7810 d:- ref:0 ;
in:414 out:413 type:P dur:2 cpbdur:2 q:37.10 aq:33.59 tex:30785 mv:12867 misc:5428 imb:109 pmb:2325 smb:5726 d:- ref:0 ;
in:413 out:414 type:b dur:2 cpbdur:2 q:37.10 aq:36.30 tex:694 mv:3160 misc:2082 imb:6 pmb:403 smb:7751 d:- ref:0 ;
in:416 out:415 type:P dur:2 cpbdur:2 q:37.11 aq:33.98 tex:32093 mv:13182 misc:5469 imb:88 pmb:2406 smb:5666 d:- ref:0 ;
in:415 out:416 type:b dur:2 cpbdur:2 q:37.11 aq:37.31 tex:749 mv:3780 misc:2231 imb:1 pmb:465 smb:7694 d:- ref:0 ;
in:418 out:417 type:P dur:2 cpbdur:2 q:37.02 aq:33.79 tex:35806 mv:13282 misc:5440 imb:106 pmb:2486 smb:5568 d:- ref:0 ;
in:417 out:418 type:b dur:2 cpbdur:2 q:37.11 aq:35.45 tex:854 mv:3226 misc:2248 imb:11 pmb:446 smb:7703 d:- ref:0 ;
in:420 out:419 type:P dur:2 cpbdur:2 q:37.10 aq:34.22 tex:32809 mv:12840 misc:5495 imb:93 pmb:2373 smb:5694 d:- ref:0 ;
in:419 out:420 type:b dur:2 cpbdur:2 q:37.10 aq:36.50 tex:796 mv:3508 misc:2248 imb:1 pmb:465 smb:7694 d:- ref:0 ;
in:422 out:421 type:P dur:2 cpbdur:2 q:37.10 aq:33.66 tex:29702 mv:12731 misc:5463 imb:101 pmb:2303 smb:5756 d:- ref:0 ;
in:421 out:422 type:b dur:2 cpbdur:2 q:37.10 aq:36.98 tex:617 mv:3618 misc:2517 imb:8 pmb:527 smb:7625 d:- ref:0 ;
in:424 out:423 type:P dur:2 cpbdur:2 q:37.11 aq:33.61 tex:31943 mv:12500 misc:5405 imb:100 pmb:2280 smb:5780 d:- ref:0 ;
in:423 out:424 type:b dur:2 cpbdur:2 q:37.11 aq:36.44 tex:574 mv:2710 misc:1804 imb:6 pmb:325 smb:7829 d:- ref:0 ;
in:426 out:425 type:P dur:2 cpbdur:2 q:37.11 aq:34.04 tex:30380 mv:12834 misc:5442 imb:103 pmb:2302 smb:5755 d:- ref:0 ;
in:425 out:426 type:b dur:2 cpbdur:2 q:37.11 aq:35.60 tex:474 mv:3182 misc:2304 imb:7 pmb:478 smb:7675 d:- ref:0 ;
in:428 out:427 type:P dur:2 cpbdur:2 q:37.11 aq:34.14 tex:27274 mv:11569 misc:5221 imb:98 pmb:2092 smb:5970 d:- ref:0 ;
in:427 out:428 type:b dur:2 cpbdur:2 q:37.11 aq:37.27 tex:752 mv:2864 misc:2056 imb:7 pmb:414 smb:7739 d:- ref:0 ;
in:430 out:429 type:P dur:2 cpbdur:2 q:37.11 aq:33.80 tex:33439 mv:13277 misc:5420 imb:114 pmb:2415 smb:5631 d:- ref:0 ;
in:429 out:430 type:b dur:2 cpbdur:2 q:37.11 aq:37.27 tex:805 mv:3807 misc:2404 imb:5 pmb:501 smb:7654 d:- ref:0 ;
in:432 out:431 type:P dur:2 cpbdur:2 q:37.11 aq:33.59 tex:30093 mv:14084 misc:5511 imb:137 pmb:2411 smb:5612 d:- ref:0 ;
in:431 out:432 type:b dur:2 cpbdur:2 q:37.11 aq:37.39 tex:643 mv:4284 misc:2609 imb:4 pmb:555 smb:7601 d:- ref:0 ;
in:434 out:433 type:P dur:2 cpbdur:2 q:37.10 aq:33.69 tex:34603 mv:13536 misc:5445 imb:115 pmb:2437 smb:5608 d:- ref:0 ;
in:433 out:434 type:b dur:2 cpbdur:2 q:37.11 aq:37.26 tex:708 mv:3434 misc:2242 imb:6 pmb:442 smb:7712 d:- ref:0 ;
in:436 out:435 type:P dur:2 cpbdur:2 q:37.10 aq:33.76 tex:28995 mv:13535 misc:5518 imb:136 pmb:2331 smb:5693 d:- ref:0 ;
in:435 out:436 type:b dur:2 cpbdur:2 q:37.10 aq:35.80 tex:677 mv:4308 misc:2463 imb:2 pmb:551 smb:7607 d:- ref:0 ;
in:438 out:437 type:P dur:2 cpbdur:2 q:37.11 aq:33.84 tex:30491 mv:13618 misc:5483 imb:120 pmb:2383 smb:5657 d:- ref:0 ;
in:437 out:438 type:b dur:2 cpbdur:2 q:37.11 aq:35.55 tex:499 mv:3814 misc:2343 imb:10 pmb:467 smb:7683 d:- ref:0 ;
in:440 out:439 type:P dur:2 cpbdur:2 q:37.11 aq:34.20 tex:31786 mv:13955 misc:5515 imb:133 pmb:2461 smb:5566 d:- ref:0 ;
in:439 out:440 type:b dur:2 cpbdur:2 q:37.11 aq:36.88 tex:784 mv:4054 misc:2642 imb:4 pmb:583 smb:7573 d:- ref:0 ;
in:442 out:441 type:P dur:2 cpbdur:2 q:37.11 aq:34.18 tex:31253 mv:12805 misc:5438 imb:105 pmb:2324 smb:5731 d:- ref:0 ;
in:441 out:442 type:b dur:2 cpbdur:2 q:37.11 aq:36.70 tex:828 mv:3439 misc:2101 imb:10 pmb:386 smb:7764 d:- ref:0 ;
in:444 out:443 type:P dur:2 cpbdur:2 q:37.11 aq:33.59 tex:31391 mv:13637 misc:5484 imb:126 pmb:2430 smb:5604 d:- ref:0 ;
in:443 out:444 type:b dur:2 cpbdur:2 q:37.11 aq:35.98 tex:727 mv:3721 misc:2424 imb:5 pmb:497 smb:7658 d:- ref:0 ;
in:446 out:445 type:P dur:2 cpbdur:2 q:37.11 aq:33.70 tex:31118 mv:12445 misc:5429 imb:104 pmb:2275 smb:5781 d:- ref:0 ;
in:445 out:446 type:b dur:2 cpbdur:2 q:37.11 aq:36.33 tex:587 mv:3382 misc:2063 imb:3 pmb:411 smb:7746 d:- ref:0 ;
in:448 out:447 type:P dur:2 cpbdur:2 q:37.12 aq:33.82 tex:29015 mv:13409 misc:5472 imb:127 pmb:2306 smb:5727 d:- ref:0 ;
in:447 out:448 type:b dur:2 cpbdur:2 q:37.12 aq:35.60 tex:817 mv:4773 misc:2626 imb:1 pmb:601 smb:7558 d:- ref:0 ;
in:450 out:449 type:P dur:2 cpbdur:2 q:37.12 aq:33.95 tex:27022 mv:12933 misc:5445 imb:104 pmb:2249 smb:5807 d:- ref:0 ;
in:449 out:450 type:b dur:2 cpbdur:2 q:37.12 aq:36.94 tex:622 mv:4076 misc:2462 imb:5 pmb:496 smb:7659 d:- ref:0 ;
in:452 out:451 type:P dur:2 cpbdur:2 q:37.12 aq:33.70 tex:30062 mv:13524 misc:5510 imb:141 pmb:2315 smb:5704 d:- ref:0 ;
in:451 out:452 type:b dur:2 cpbdur:2 q:37.12 aq:36.60 tex:700 mv:4488 misc:2604 imb:9 pmb:554 smb:7597 d:- ref:0 ;
in:454 out:453 type:P dur:2 cpbdur:2 q:37.11 aq:34.22 tex:23638 mv:12643 misc:5455 imb:117 pmb:2137 smb:5906 d:- ref:0 ;
in:453 out:454 type:b dur:2 cpbdur:2 q:37.12 aq:38.47 tex:811 mv:4591 misc:2582 imb:8 pmb:533 smb:7619 d:- ref:0 ;
in:456 out:455 type:P dur:2 cpbdur:2 q:37.11 aq:34.55 tex:21491 mv:12185 misc:5380 imb:95 pmb:2049 smb:6016 d:- ref:0 ;
in:455 out:456 type:b dur:2 cpbdur:2 q:37.11 aq:35.69 tex:816 mv:3895 misc:2529 imb:20 pmb:475 smb:7665 d:- ref:0 ;
in:458 out:457 type:P dur:2 cpbdur:2 q:37.11 aq:33.74 tex:45040 mv:15591 misc:5265 imb:158 pmb:2625 smb:5377 d:- ref:0 ;
in:457 out:458 type:b dur:2 cpbdur:2 q:37.11 aq:37.08 tex:1425 mv:6179 misc:3124 imb:11 pmb:762 smb:7387 d:- ref:0 ;
in:460 out:459 type:P dur:2 cpbdur:2 q:37.10 aq:33.97 tex:42850 mv:15111 misc:5567 imb:237 pmb:2518 smb:5405 d:- ref:0 ;
in:459 out:460 type:b dur:2 cpbdur:2 q:37.11 aq:37.01 tex:1462 mv:6492 misc:3246 imb:14 pmb:780 smb:7366 d:- ref:0 ;
in:462 out:461 type:P dur:2 cpbdur:2 q:36.92 aq:33.69 tex:39888 mv:14852 misc:5492 imb:166 pmb:2673 smb:5321 d:- ref:0 ;
in:461 out:462 type:b dur:2 cpbdur:2 q:37.10 aq:35.64 tex:793 mv:4738 misc:2717 imb:14 pmb:616 smb:7530 d:- ref:0 ;
in:464 out:463 type:P dur:2 cpbdur:2 q:36.77 aq:33.76 tex:42085 mv:14899 misc:5584 imb:182 pmb:2662 smb:5316 d:- ref:0 ;
in:463 out:464 type:b dur:2 cpbdur:2 q:36.92 aq:36.41 tex:1233 mv:4676 misc:2747 imb:15 pmb:626 smb:7519 d:- ref:0 ;
in:466 out:465 type:P dur:2 cpbdur:2 q:36.45 aq:33.47 tex:54004 mv:15553 misc:5643 imb:182 pmb:2932 smb:5046 d:- ref:0 ;
in:465 out:466 type:b dur:2 cpbdur:2 q:36.77 aq:34.87 tex:947 mv:3892 misc:2265 imb:18 pmb:451 smb:7691 d:- ref:0 ;
in:468 out:467 type:P dur:2 cpbdur:2 q:36.12 aq:32.82 tex:49111 mv:14666 misc:5791 imb:212 pmb:2825 smb:5123 d:- ref:0 ;
in:467 out:468 type:b dur:2 cpbdur:2 q:36.44 aq:34.92 tex:936 mv:4467 misc:2693 imb:10 pmb:583 smb:7567 d:- ref:0 ;
in:470 out:469 type:P dur:2 cpbdur:2 q:35.79 aq:32.78 tex:56272 mv:15361 misc:5607 imb:209 pmb:2960 smb:4991 d:- ref:0 ;
in:469 out:470 type:b dur:2 cpbdur:2 q:36.12 aq:34.73 tex:998 mv:4219 misc:2583 imb:32 pmb:535 smb:7593 d:- ref:0 ;
in:472 out:471 type:P dur:2 cpbdur:2 q:35.64 aq:32.75 tex:57636 mv:15373 misc:5487 imb:183 pmb:2966 smb:5011 d:- ref:0 ;
in:471 out:472 type:b dur:2 cpbdur:2 q:35.79 aq:34.68 tex:1302 mv:5104 misc:3090 imb:30 pmb:672 smb:7458 d:- ref:0 ;
in:474 out:473 type:P dur:2 cpbdur:2 q:35.22 aq:32.12 tex:69714 mv:16198 misc:5536 imb:209 pmb:3234 smb:4717 d:- ref:0 ;
in:473 out:474 type:b dur:2 cpbdur:2 q:35.64 aq:34.89 tex:968 mv:4543 misc:2697 imb:5 pmb:634 smb:7521 d:- ref:0 ;
in:476 out:475 type:P dur:2 cpbdur:2 q:34.81 aq:31.87 tex:88238 mv:17239 misc:5251 imb:233 pmb:3537 smb:4390 d:- ref:0 ;
in:475 out:476 type:b dur:2 cpbdur:2 q:35.22 aq:34.54 tex:1650 mv:6180 misc:3802 imb:40 pmb:861 smb:7259 d:- ref:0 ;
in:478 out:477 type:P dur:2 cpbdur:2 q:34.48 aq:31.75 tex:83079 mv:16909 misc:4988 imb:212 pmb:3501 smb:4447 d:- ref:0 ;
in:477 out:478 type:b dur:2 cpbdur:2 q:34.81 aq:33.98 tex:1703 mv:5558 misc:3227 imb:29 pmb:767 smb:7364 d:- ref:0 ;
in:480 out:479 type:P dur:2 cpbdur:2 q:34.25 aq:31.31 tex:87902 mv:16576 misc:5554 imb:255 pmb:3522 smb:4383 d:- ref:0 ;
in:479 out:480 type:b dur:2 cpbdur:2 q:34.48 aq:34.03 tex:1780 mv:5643 misc:3273 imb:22 pmb:774 smb:7364 d:- ref:0 ;
in:482 out:481 type:P dur:2 cpbdur:2 q:34.20 aq:31.08 tex:63873 mv:16470 misc:6017 imb:293 pmb:3216 smb:4651 d:- ref:0 ;
in:481 out:482 type:b dur:2 cpbdur:2 q:34.25 aq:34.22 tex:2013 mv:5592 misc:3275 imb:60 pmb:686 smb:7414 d:- ref:0 ;
in:484 out:483 type:P dur:2 cpbdur:2 q:34.24 aq:31.29 tex:61724 mv:16201 misc:5779 imb:222 pmb:3132 smb:4806 d:- ref:0 ;
in:483 out:484 type:b dur:2 cpbdur:2 q:34.24 aq:33.70 tex:2176 mv:5951 misc:3409 imb:42 pmb:743 smb:7375 d:- ref:0 ;
in:486 out:485 type:P dur:2 cpbdur:2 q:34.27 aq:31.23 tex:52857 mv:15457 misc:5614 imb:174 pmb:3007 smb:4979 d:- ref:0 ;
in:485 out:486 type:b dur:2 cpbdur:2 q:34.27 aq:33.42 tex:2005 mv:5882 misc:3329 imb:48 pmb:708 smb:7404 d:- ref:0 ;
in:488 out:487 type:P dur:2 cpbdur:2 q:34.28 aq:31.26 tex:49852 mv:15040 misc:5580 imb:170 pmb:2937 smb:5053 d:- ref:0 ;
in:487 out:488 type:b dur:2 cpbdur:2 q:34.28 aq:33.68 tex:2019 mv:6305 misc:3300 imb:60 pmb:713 smb:7387 d:- ref:0 ;
in:490 out:489 type:P dur:2 cpbdur:2 q:34.29 aq:31.38 tex:43117 mv:15441 misc:6162 imb:284 pmb:2698 smb:5178 d:- ref:0 ;
in:489 out:490 type:b dur:2 cpbdur:2 q:34.29 aq:34.45 tex:2435 mv:7292 misc:3881 imb:60 pmb:917 smb:7183 d:- ref:0 ;
in:492 out:491 type:P dur:2 cpbdur:2 q:34.30 aq:31.56 tex:40543 mv:14251 misc:5606 imb:167 pmb:2560 smb:5433 d:- ref:0 ;
in:491 out:492 type:b dur:2 cpbdur:2 q:34.30 aq:33.57 tex:2166 mv:6810 misc:3592 imb:80 pmb:768 smb:7312 d:- ref:0 ;
in:494 out:493 type:P dur:2 cpbdur:2 q:34.30 aq:31.76 tex:39687 mv:15852 misc:6133 imb:322 pmb:2632 smb:5206 d:- ref:0 ;
in:493 out:494 type:b dur:2 cpbdur:2 q:34.30 aq:33.88 tex:2105 mv:6895 misc:3496 imb:29 pmb:855 smb:7276 d:- ref:0 ;
in:496 out:495 type:P dur:2 cpbdur:2 q:34.30 aq:32.46 tex:25589 mv:12750 misc:5693 imb:156 pmb:2140 smb:5864 d:- ref:0 ;
in:495 out:496 type:b dur:2 cpbdur:2 q:34.30 aq:33.79 tex:2327 mv:6566 misc:3683 imb:84 pmb:764 smb:7312 d:- ref:0 ;
in:498 out:497 type:P dur:2 cpbdur:2 q:34.29 aq:32.83 tex:12630 mv:11423 misc:6019 imb:320 pmb:1584 smb:6256 d:- ref:0 ;
in:497 out:498 type:b dur:2 cpbdur:2 q:34.30 aq:33.57 tex:2305 mv:6929 misc:3550 imb:46 pmb:818 smb:7296 d:- ref:0 ;
in:499 out:499 type:P dur:2 cpbdur:2 q:34.29 aq:33.86 tex:4825 mv:6709 misc:4426 imb:157 pmb:927 smb:7076 d:- ref:0 ;
